TN:
SF:src/middleware/auth.ts
FN:40,(anonymous_1)
FN:50,(anonymous_2)
FN:60,(anonymous_3)
FN:82,(anonymous_4)
FN:102,(anonymous_5)
FN:122,(anonymous_6)
FN:149,(anonymous_7)
FN:166,(anonymous_8)
FN:223,(anonymous_9)
FN:224,(anonymous_10)
FN:248,(anonymous_11)
FN:255,(anonymous_12)
FN:256,(anonymous_13)
FNF:13
FNH:0
FNDA:0,(anonymous_1)
FNDA:0,(anonymous_2)
FNDA:0,(anonymous_3)
FNDA:0,(anonymous_4)
FNDA:0,(anonymous_5)
FNDA:0,(anonymous_6)
FNDA:0,(anonymous_7)
FNDA:0,(anonymous_8)
FNDA:0,(anonymous_9)
FNDA:0,(anonymous_10)
FNDA:0,(anonymous_11)
FNDA:0,(anonymous_12)
FNDA:0,(anonymous_13)
DA:2,0
DA:3,0
DA:32,0
DA:37,0
DA:38,0
DA:41,0
DA:42,0
DA:43,0
DA:45,0
DA:46,0
DA:51,0
DA:52,0
DA:54,0
DA:61,0
DA:62,0
DA:64,0
DA:70,0
DA:76,0
DA:83,0
DA:84,0
DA:89,0
DA:90,0
DA:93,0
DA:95,0
DA:103,0
DA:104,0
DA:109,0
DA:110,0
DA:113,0
DA:115,0
DA:123,0
DA:126,0
DA:133,0
DA:134,0
DA:137,0
DA:138,0
DA:150,0
DA:151,0
DA:155,0
DA:158,0
DA:166,0
DA:171,0
DA:172,0
DA:173,0
DA:175,0
DA:176,0
DA:180,0
DA:183,0
DA:184,0
DA:187,0
DA:188,0
DA:195,0
DA:196,0
DA:200,0
DA:204,0
DA:211,0
DA:213,0
DA:223,0
DA:224,0
DA:225,0
DA:226,0
DA:230,0
DA:233,0
DA:234,0
DA:238,0
DA:241,0
DA:248,0
DA:249,0
DA:255,0
DA:256,0
DA:257,0
DA:258,0
DA:259,0
DA:263,0
DA:267,0
DA:268,0
DA:269,0
DA:273,0
DA:274,0
DA:275,0
DA:279,0
DA:282,0
DA:283,0
DA:285,0
DA:288,0
DA:294,0
DA:295,0
DA:299,0
DA:304,0
DA:305,0
DA:311,0
DA:313,0
DA:317,0
DA:322,0
DA:323,0
DA:329,0
DA:331,0
DA:334,0
DA:335,0
DA:339,0
DA:342,0
DA:344,0
LF:102
LH:0
BRDA:42,0,0,0
BRDA:42,0,1,0
BRDA:43,1,0,0
BRDA:43,1,1,0
BRDA:45,2,0,0
BRDA:45,3,0,0
BRDA:45,3,1,0
BRDA:51,4,0,0
BRDA:89,5,0,0
BRDA:109,6,0,0
BRDA:133,7,0,0
BRDA:173,8,0,0
BRDA:173,8,1,0
BRDA:175,9,0,0
BRDA:195,10,0,0
BRDA:215,11,0,0
BRDA:215,11,1,0
BRDA:225,12,0,0
BRDA:233,13,0,0
BRDA:258,14,0,0
BRDA:267,15,0,0
BRDA:274,16,0,0
BRDA:285,17,0,0
BRDA:285,17,1,0
BRDA:285,17,2,0
BRDA:304,18,0,0
BRDA:322,19,0,0
BRDA:334,20,0,0
BRF:28
BRH:0
end_of_record
TN:
SF:src/middleware/security.ts
FN:21,(anonymous_1)
FN:41,(anonymous_2)
FN:77,(anonymous_3)
FN:99,sanitizeObject
FN:109,(anonymous_5)
FN:129,(anonymous_6)
FN:137,(anonymous_7)
FN:165,(anonymous_8)
FN:183,(anonymous_9)
FN:198,(anonymous_10)
FN:211,(anonymous_11)
FN:212,(anonymous_12)
FN:236,(anonymous_13)
FN:260,(anonymous_14)
FN:261,(anonymous_15)
FN:280,parseSize
FN:300,(anonymous_17)
FNF:17
FNH:0
FNDA:0,(anonymous_1)
FNDA:0,(anonymous_2)
FNDA:0,(anonymous_3)
FNDA:0,sanitizeObject
FNDA:0,(anonymous_5)
FNDA:0,(anonymous_6)
FNDA:0,(anonymous_7)
FNDA:0,(anonymous_8)
FNDA:0,(anonymous_9)
FNDA:0,(anonymous_10)
FNDA:0,(anonymous_11)
FNDA:0,(anonymous_12)
FNDA:0,(anonymous_13)
FNDA:0,(anonymous_14)
FNDA:0,(anonymous_15)
FNDA:0,parseSize
FNDA:0,(anonymous_17)
DA:2,0
DA:3,0
DA:4,0
DA:9,0
DA:22,0
DA:23,0
DA:42,0
DA:43,0
DA:77,0
DA:79,0
DA:80,0
DA:84,0
DA:85,0
DA:89,0
DA:90,0
DA:93,0
DA:100,0
DA:101,0
DA:104,0
DA:105,0
DA:108,0
DA:109,0
DA:112,0
DA:113,0
DA:114,0
DA:115,0
DA:116,0
DA:118,0
DA:121,0
DA:127,0
DA:130,0
DA:137,0
DA:139,0
DA:142,0
DA:143,0
DA:144,0
DA:145,0
DA:146,0
DA:149,0
DA:159,0
DA:165,0
DA:166,0
DA:169,0
DA:179,0
DA:180,0
DA:183,0
DA:184,0
DA:187,0
DA:188,0
DA:198,0
DA:199,0
DA:200,0
DA:202,0
DA:205,0
DA:211,0
DA:212,0
DA:213,0
DA:214,0
DA:215,0
DA:218,0
DA:220,0
DA:221,0
DA:222,0
DA:226,0
DA:229,0
DA:236,0
DA:238,0
DA:239,0
DA:240,0
DA:243,0
DA:244,0
DA:246,0
DA:247,0
DA:251,0
DA:254,0
DA:260,0
DA:261,0
DA:262,0
DA:263,0
DA:265,0
DA:266,0
DA:270,0
DA:273,0
DA:281,0
DA:288,0
DA:289,0
DA:290,0
DA:293,0
DA:294,0
DA:300,0
DA:301,0
DA:302,0
DA:304,0
DA:305,0
DA:306,0
DA:309,0
DA:310,0
DA:314,0
DA:317,0
LF:99
LH:0
BRDA:79,0,0,0
BRDA:79,1,0,0
BRDA:79,1,1,0
BRDA:84,2,0,0
BRDA:84,3,0,0
BRDA:84,3,1,0
BRDA:89,4,0,0
BRDA:89,5,0,0
BRDA:89,5,1,0
BRDA:100,6,0,0
BRDA:100,7,0,0
BRDA:100,7,1,0
BRDA:104,8,0,0
BRDA:108,9,0,0
BRDA:112,10,0,0
BRDA:180,11,0,0
BRDA:180,11,1,0
BRDA:184,12,0,0
BRDA:184,12,1,0
BRDA:187,13,0,0
BRDA:200,14,0,0
BRDA:200,14,1,0
BRDA:211,15,0,0
BRDA:213,16,0,0
BRDA:218,17,0,0
BRDA:218,17,1,0
BRDA:218,17,2,0
BRDA:220,18,0,0
BRDA:238,19,0,0
BRDA:238,20,0,0
BRDA:238,20,1,0
BRDA:246,21,0,0
BRDA:246,22,0,0
BRDA:246,22,1,0
BRDA:246,22,2,0
BRDA:260,23,0,0
BRDA:262,24,0,0
BRDA:262,24,1,0
BRDA:265,25,0,0
BRDA:289,26,0,0
BRDA:304,27,0,0
BRDA:309,28,0,0
BRDA:309,29,0,0
BRDA:309,29,1,0
BRF:44
BRH:0
end_of_record
TN:
SF:src/middleware/validation.ts
FN:8,(anonymous_0)
FN:19,(anonymous_1)
FN:34,(anonymous_2)
FN:57,(anonymous_3)
FN:62,(anonymous_4)
FN:69,(anonymous_5)
FN:73,(anonymous_6)
FN:81,(anonymous_7)
FN:90,(anonymous_8)
FN:95,(anonymous_9)
FN:97,(anonymous_10)
FN:102,(anonymous_11)
FN:108,(anonymous_12)
FN:115,(anonymous_13)
FN:124,(anonymous_14)
FN:130,(anonymous_15)
FN:136,(anonymous_16)
FN:139,(anonymous_17)
FN:146,(anonymous_18)
FN:149,(anonymous_19)
FN:157,(anonymous_20)
FN:163,(anonymous_21)
FN:168,(anonymous_22)
FN:173,(anonymous_23)
FN:179,(anonymous_24)
FN:184,(anonymous_25)
FN:189,(anonymous_26)
FN:197,(anonymous_27)
FN:202,(anonymous_28)
FN:208,(anonymous_29)
FN:217,(anonymous_30)
FN:225,(anonymous_31)
FN:237,(anonymous_32)
FN:239,(anonymous_33)
FN:400,(anonymous_34)
FN:404,(anonymous_35)
FNF:36
FNH:0
FNDA:0,(anonymous_0)
FNDA:0,(anonymous_1)
FNDA:0,(anonymous_2)
FNDA:0,(anonymous_3)
FNDA:0,(anonymous_4)
FNDA:0,(anonymous_5)
FNDA:0,(anonymous_6)
FNDA:0,(anonymous_7)
FNDA:0,(anonymous_8)
FNDA:0,(anonymous_9)
FNDA:0,(anonymous_10)
FNDA:0,(anonymous_11)
FNDA:0,(anonymous_12)
FNDA:0,(anonymous_13)
FNDA:0,(anonymous_14)
FNDA:0,(anonymous_15)
FNDA:0,(anonymous_16)
FNDA:0,(anonymous_17)
FNDA:0,(anonymous_18)
FNDA:0,(anonymous_19)
FNDA:0,(anonymous_20)
FNDA:0,(anonymous_21)
FNDA:0,(anonymous_22)
FNDA:0,(anonymous_23)
FNDA:0,(anonymous_24)
FNDA:0,(anonymous_25)
FNDA:0,(anonymous_26)
FNDA:0,(anonymous_27)
FNDA:0,(anonymous_28)
FNDA:0,(anonymous_29)
FNDA:0,(anonymous_30)
FNDA:0,(anonymous_31)
FNDA:0,(anonymous_32)
FNDA:0,(anonymous_33)
FNDA:0,(anonymous_34)
FNDA:0,(anonymous_35)
DA:2,0
DA:3,0
DA:8,0
DA:13,0
DA:15,0
DA:16,0
DA:19,0
DA:25,0
DA:28,0
DA:34,0
DA:39,0
DA:41,0
DA:42,0
DA:46,0
DA:49,0
DA:55,0
DA:58,0
DA:63,0
DA:64,0
DA:66,0
DA:70,0
DA:74,0
DA:75,0
DA:76,0
DA:78,0
DA:82,0
DA:91,0
DA:95,0
DA:98,0
DA:103,0
DA:108,0
DA:116,0
DA:117,0
DA:119,0
DA:125,0
DA:131,0
DA:137,0
DA:140,0
DA:141,0
DA:143,0
DA:147,0
DA:150,0
DA:151,0
DA:153,0
DA:158,0
DA:164,0
DA:169,0
DA:174,0
DA:180,0
DA:185,0
DA:190,0
DA:198,0
DA:203,0
DA:208,0
DA:218,0
DA:219,0
DA:221,0
DA:225,0
DA:238,0
DA:240,0
DA:241,0
DA:243,0
DA:250,0
DA:400,0
DA:404,0
DA:405,0
DA:406,0
DA:407,0
DA:411,0
DA:412,0
DA:416,0
DA:420,0
DA:421,0
DA:425,0
DA:428,0
LF:75
LH:0
BRDA:15,0,0,0
BRDA:20,1,0,0
BRDA:20,1,1,0
BRDA:22,2,0,0
BRDA:22,2,1,0
BRDA:41,3,0,0
BRDA:63,4,0,0
BRDA:75,5,0,0
BRDA:116,6,0,0
BRDA:140,7,0,0
BRDA:140,8,0,0
BRDA:140,8,1,0
BRDA:150,9,0,0
BRDA:150,10,0,0
BRDA:150,10,1,0
BRDA:197,11,0,0
BRDA:218,12,0,0
BRDA:218,13,0,0
BRDA:218,13,1,0
BRDA:240,14,0,0
BRDA:401,15,0,0
BRDA:402,16,0,0
BRDA:405,17,0,0
BRDA:411,18,0,0
BRDA:420,19,0,0
BRF:25
BRH:0
end_of_record
TN:
SF:src/models/Client.ts
FN:31,(anonymous_0)
FN:34,(anonymous_1)
FN:47,(anonymous_2)
FN:54,(anonymous_3)
FN:61,(anonymous_4)
FN:73,(anonymous_5)
FN:77,(anonymous_6)
FN:81,(anonymous_7)
FN:85,(anonymous_8)
FN:89,(anonymous_9)
FN:94,(anonymous_10)
FN:98,(anonymous_11)
FN:104,(anonymous_12)
FN:126,(anonymous_13)
FN:130,(anonymous_14)
FN:143,(anonymous_15)
FN:148,(anonymous_16)
FN:153,(anonymous_17)
FN:164,(anonymous_18)
FN:180,(anonymous_19)
FN:185,(anonymous_20)
FN:215,(anonymous_21)
FNF:22
FNH:0
FNDA:0,(anonymous_0)
FNDA:0,(anonymous_1)
FNDA:0,(anonymous_2)
FNDA:0,(anonymous_3)
FNDA:0,(anonymous_4)
FNDA:0,(anonymous_5)
FNDA:0,(anonymous_6)
FNDA:0,(anonymous_7)
FNDA:0,(anonymous_8)
FNDA:0,(anonymous_9)
FNDA:0,(anonymous_10)
FNDA:0,(anonymous_11)
FNDA:0,(anonymous_12)
FNDA:0,(anonymous_13)
FNDA:0,(anonymous_14)
FNDA:0,(anonymous_15)
FNDA:0,(anonymous_16)
FNDA:0,(anonymous_17)
FNDA:0,(anonymous_18)
FNDA:0,(anonymous_19)
FNDA:0,(anonymous_20)
FNDA:0,(anonymous_21)
DA:2,0
DA:4,0
DA:32,0
DA:33,0
DA:34,0
DA:37,0
DA:38,0
DA:40,0
DA:41,0
DA:43,0
DA:48,0
DA:50,0
DA:51,0
DA:55,0
DA:57,0
DA:58,0
DA:62,0
DA:70,0
DA:74,0
DA:78,0
DA:82,0
DA:86,0
DA:90,0
DA:91,0
DA:95,0
DA:99,0
DA:100,0
DA:109,0
DA:110,0
DA:113,0
DA:114,0
DA:116,0
DA:118,0
DA:121,0
DA:127,0
DA:135,0
DA:144,0
DA:145,0
DA:149,0
DA:150,0
DA:158,0
DA:159,0
DA:160,0
DA:161,0
DA:171,0
DA:172,0
DA:173,0
DA:174,0
DA:175,0
DA:176,0
DA:181,0
DA:186,0
DA:216,0
LF:53
LH:0
BRDA:33,0,0,0
BRDA:40,1,0,0
BRDA:48,2,0,0
BRDA:55,3,0,0
BRDA:74,4,0,0
BRDA:74,4,1,0
BRDA:78,5,0,0
BRDA:78,5,1,0
BRDA:86,6,0,0
BRDA:86,6,1,0
BRDA:91,7,0,0
BRDA:91,7,1,0
BRDA:95,8,0,0
BRDA:95,8,1,0
BRDA:99,9,0,0
BRDA:99,10,0,0
BRDA:99,10,1,0
BRDA:109,11,0,0
BRDA:109,12,0,0
BRDA:109,12,1,0
BRDA:116,13,0,0
BRDA:116,13,1,0
BRDA:127,14,0,0
BRDA:127,14,1,0
BRDA:158,15,0,0
BRDA:159,16,0,0
BRDA:160,17,0,0
BRDA:171,18,0,0
BRDA:172,19,0,0
BRDA:173,20,0,0
BRDA:174,21,0,0
BRDA:175,22,0,0
BRF:32
BRH:0
end_of_record
TN:
SF:src/models/Expense.ts
FN:25,(anonymous_0)
FN:28,(anonymous_1)
FN:41,(anonymous_2)
FN:45,(anonymous_3)
FN:50,(anonymous_4)
FN:56,(anonymous_5)
FN:63,(anonymous_6)
FN:70,(anonymous_7)
FN:74,(anonymous_8)
FN:78,(anonymous_9)
FN:83,(anonymous_10)
FN:91,(anonymous_11)
FN:95,(anonymous_12)
FN:101,(anonymous_13)
FN:115,(anonymous_14)
FN:129,(anonymous_15)
FN:134,(anonymous_16)
FN:143,(anonymous_17)
FN:152,(anonymous_18)
FN:156,(anonymous_19)
FN:161,(anonymous_20)
FN:167,(anonymous_21)
FN:174,(anonymous_22)
FN:181,(anonymous_23)
FN:186,(anonymous_24)
FN:187,(anonymous_25)
FN:190,(anonymous_26)
FN:193,(anonymous_27)
FN:197,(anonymous_28)
FN:204,(anonymous_29)
FN:206,(anonymous_30)
FN:207,(anonymous_31)
FN:210,(anonymous_32)
FN:212,(anonymous_33)
FN:213,(anonymous_34)
FN:216,(anonymous_35)
FN:219,(anonymous_36)
FN:223,(anonymous_37)
FN:230,(anonymous_38)
FN:231,(anonymous_39)
FN:241,(anonymous_40)
FN:242,(anonymous_41)
FN:255,(anonymous_42)
FN:260,(anonymous_43)
FN:284,(anonymous_44)
FNF:45
FNH:0
FNDA:0,(anonymous_0)
FNDA:0,(anonymous_1)
FNDA:0,(anonymous_2)
FNDA:0,(anonymous_3)
FNDA:0,(anonymous_4)
FNDA:0,(anonymous_5)
FNDA:0,(anonymous_6)
FNDA:0,(anonymous_7)
FNDA:0,(anonymous_8)
FNDA:0,(anonymous_9)
FNDA:0,(anonymous_10)
FNDA:0,(anonymous_11)
FNDA:0,(anonymous_12)
FNDA:0,(anonymous_13)
FNDA:0,(anonymous_14)
FNDA:0,(anonymous_15)
FNDA:0,(anonymous_16)
FNDA:0,(anonymous_17)
FNDA:0,(anonymous_18)
FNDA:0,(anonymous_19)
FNDA:0,(anonymous_20)
FNDA:0,(anonymous_21)
FNDA:0,(anonymous_22)
FNDA:0,(anonymous_23)
FNDA:0,(anonymous_24)
FNDA:0,(anonymous_25)
FNDA:0,(anonymous_26)
FNDA:0,(anonymous_27)
FNDA:0,(anonymous_28)
FNDA:0,(anonymous_29)
FNDA:0,(anonymous_30)
FNDA:0,(anonymous_31)
FNDA:0,(anonymous_32)
FNDA:0,(anonymous_33)
FNDA:0,(anonymous_34)
FNDA:0,(anonymous_35)
FNDA:0,(anonymous_36)
FNDA:0,(anonymous_37)
FNDA:0,(anonymous_38)
FNDA:0,(anonymous_39)
FNDA:0,(anonymous_40)
FNDA:0,(anonymous_41)
FNDA:0,(anonymous_42)
FNDA:0,(anonymous_43)
FNDA:0,(anonymous_44)
DA:1,0
DA:2,0
DA:4,0
DA:26,0
DA:27,0
DA:28,0
DA:31,0
DA:32,0
DA:34,0
DA:35,0
DA:37,0
DA:42,0
DA:46,0
DA:47,0
DA:51,0
DA:52,0
DA:57,0
DA:58,0
DA:59,0
DA:60,0
DA:64,0
DA:65,0
DA:66,0
DA:67,0
DA:71,0
DA:75,0
DA:79,0
DA:84,0
DA:85,0
DA:87,0
DA:88,0
DA:92,0
DA:96,0
DA:97,0
DA:102,0
DA:112,0
DA:117,0
DA:125,0
DA:130,0
DA:131,0
DA:135,0
DA:136,0
DA:137,0
DA:138,0
DA:140,0
DA:144,0
DA:145,0
DA:147,0
DA:153,0
DA:157,0
DA:158,0
DA:162,0
DA:163,0
DA:168,0
DA:175,0
DA:182,0
DA:187,0
DA:191,0
DA:193,0
DA:194,0
DA:197,0
DA:198,0
DA:201,0
DA:205,0
DA:206,0
DA:207,0
DA:211,0
DA:212,0
DA:213,0
DA:217,0
DA:219,0
DA:220,0
DA:223,0
DA:224,0
DA:227,0
DA:231,0
DA:232,0
DA:233,0
DA:234,0
DA:236,0
DA:237,0
DA:242,0
DA:243,0
DA:244,0
DA:246,0
DA:247,0
DA:249,0
DA:250,0
DA:256,0
DA:261,0
DA:285,0
LF:91
LH:0
BRDA:27,0,0,0
BRDA:34,1,0,0
BRDA:42,2,0,0
BRDA:42,2,1,0
BRDA:46,3,0,0
BRDA:84,4,0,0
BRDA:112,5,0,0
BRDA:112,5,1,0
BRDA:140,6,0,0
BRDA:140,6,1,0
BRDA:147,7,0,0
BRDA:147,7,1,0
BRDA:212,8,0,0
BRDA:212,8,1,0
BRDA:233,9,0,0
BRDA:246,10,0,0
BRF:16
BRH:0
end_of_record
TN:
SF:src/models/File.ts
FN:109,(anonymous_0)
FN:139,(anonymous_1)
FN:171,(anonymous_2)
FN:203,(anonymous_3)
FN:209,(anonymous_4)
FN:213,(anonymous_5)
FN:220,(anonymous_6)
FN:227,(anonymous_7)
FN:235,(anonymous_8)
FN:236,(anonymous_9)
FN:247,(anonymous_10)
FNF:11
FNH:0
FNDA:0,(anonymous_0)
FNDA:0,(anonymous_1)
FNDA:0,(anonymous_2)
FNDA:0,(anonymous_3)
FNDA:0,(anonymous_4)
FNDA:0,(anonymous_5)
FNDA:0,(anonymous_6)
FNDA:0,(anonymous_7)
FNDA:0,(anonymous_8)
FNDA:0,(anonymous_9)
FNDA:0,(anonymous_10)
DA:1,0
DA:108,0
DA:110,0
DA:111,0
DA:112,0
DA:113,0
DA:114,0
DA:115,0
DA:116,0
DA:117,0
DA:118,0
DA:119,0
DA:120,0
DA:121,0
DA:122,0
DA:123,0
DA:124,0
DA:125,0
DA:126,0
DA:127,0
DA:128,0
DA:129,0
DA:130,0
DA:131,0
DA:132,0
DA:133,0
DA:134,0
DA:135,0
DA:136,0
DA:140,0
DA:172,0
DA:204,0
DA:205,0
DA:206,0
DA:210,0
DA:214,0
DA:215,0
DA:216,0
DA:217,0
DA:221,0
DA:222,0
DA:223,0
DA:228,0
DA:229,0
DA:230,0
DA:231,0
DA:236,0
DA:237,0
DA:238,0
DA:241,0
DA:242,0
DA:244,0
DA:248,0
DA:249,0
DA:250,0
DA:251,0
DA:256,0
LF:57
LH:0
BRDA:110,0,0,0
BRDA:121,1,0,0
BRDA:122,2,0,0
BRDA:123,3,0,0
BRDA:124,4,0,0
BRDA:127,5,0,0
BRDA:129,6,0,0
BRDA:130,7,0,0
BRDA:131,8,0,0
BRDA:133,9,0,0
BRDA:141,10,0,0
BRDA:141,10,1,0
BRDA:142,11,0,0
BRDA:142,11,1,0
BRDA:143,12,0,0
BRDA:143,12,1,0
BRDA:144,13,0,0
BRDA:144,13,1,0
BRDA:145,14,0,0
BRDA:145,14,1,0
BRDA:146,15,0,0
BRDA:146,15,1,0
BRDA:147,16,0,0
BRDA:147,16,1,0
BRDA:148,17,0,0
BRDA:148,17,1,0
BRDA:149,18,0,0
BRDA:149,18,1,0
BRDA:150,19,0,0
BRDA:150,19,1,0
BRDA:151,20,0,0
BRDA:151,20,1,0
BRDA:152,21,0,0
BRDA:152,21,1,0
BRDA:153,22,0,0
BRDA:153,22,1,0
BRDA:155,23,0,0
BRDA:155,23,1,0
BRDA:156,24,0,0
BRDA:156,24,1,0
BRDA:157,25,0,0
BRDA:157,25,1,0
BRDA:158,26,0,0
BRDA:158,26,1,0
BRDA:159,27,0,0
BRDA:159,27,1,0
BRDA:160,28,0,0
BRDA:160,28,1,0
BRDA:161,29,0,0
BRDA:161,29,1,0
BRDA:162,30,0,0
BRDA:162,30,1,0
BRDA:163,31,0,0
BRDA:163,31,1,0
BRDA:164,32,0,0
BRDA:164,32,1,0
BRDA:165,33,0,0
BRDA:165,33,1,0
BRDA:166,34,0,0
BRDA:166,34,1,0
BRDA:167,35,0,0
BRDA:167,35,1,0
BRDA:179,36,0,0
BRDA:179,36,1,0
BRDA:180,37,0,0
BRDA:180,37,1,0
BRDA:181,38,0,0
BRDA:181,38,1,0
BRDA:182,39,0,0
BRDA:182,39,1,0
BRDA:183,40,0,0
BRDA:183,40,1,0
BRDA:186,41,0,0
BRDA:186,41,1,0
BRDA:188,42,0,0
BRDA:188,42,1,0
BRDA:189,43,0,0
BRDA:189,43,1,0
BRDA:191,44,0,0
BRDA:191,44,1,0
BRDA:195,45,0,0
BRDA:195,45,1,0
BRDA:197,46,0,0
BRDA:197,46,1,0
BRDA:198,47,0,0
BRDA:198,47,1,0
BRDA:199,48,0,0
BRDA:199,48,1,0
BRDA:210,49,0,0
BRDA:210,49,1,0
BRDA:214,50,0,0
BRDA:215,51,0,0
BRDA:216,52,0,0
BRDA:221,53,0,0
BRDA:229,54,0,0
BRDA:237,55,0,0
BRDA:241,56,0,0
BRDA:249,57,0,0
BRF:98
BRH:0
end_of_record
TN:
SF:src/models/Invoice.ts
FN:40,(anonymous_0)
FN:43,(anonymous_1)
FN:56,(anonymous_2)
FN:57,(anonymous_3)
FN:60,(anonymous_4)
FN:80,(anonymous_5)
FN:96,(anonymous_6)
FN:103,(anonymous_7)
FN:115,(anonymous_8)
FN:116,(anonymous_9)
FN:120,(anonymous_10)
FN:121,(anonymous_11)
FN:132,(anonymous_12)
FN:147,(anonymous_13)
FN:151,(anonymous_14)
FN:155,(anonymous_15)
FN:160,(anonymous_16)
FN:166,(anonymous_17)
FN:175,(anonymous_18)
FN:183,(anonymous_19)
FN:197,(anonymous_20)
FN:207,(anonymous_21)
FN:212,(anonymous_22)
FN:219,(anonymous_23)
FN:225,(anonymous_24)
FN:246,(anonymous_25)
FN:272,(anonymous_26)
FN:279,(anonymous_27)
FN:284,(anonymous_28)
FN:289,(anonymous_29)
FN:294,(anonymous_30)
FN:326,(anonymous_31)
FNF:32
FNH:0
FNDA:0,(anonymous_0)
FNDA:0,(anonymous_1)
FNDA:0,(anonymous_2)
FNDA:0,(anonymous_3)
FNDA:0,(anonymous_4)
FNDA:0,(anonymous_5)
FNDA:0,(anonymous_6)
FNDA:0,(anonymous_7)
FNDA:0,(anonymous_8)
FNDA:0,(anonymous_9)
FNDA:0,(anonymous_10)
FNDA:0,(anonymous_11)
FNDA:0,(anonymous_12)
FNDA:0,(anonymous_13)
FNDA:0,(anonymous_14)
FNDA:0,(anonymous_15)
FNDA:0,(anonymous_16)
FNDA:0,(anonymous_17)
FNDA:0,(anonymous_18)
FNDA:0,(anonymous_19)
FNDA:0,(anonymous_20)
FNDA:0,(anonymous_21)
FNDA:0,(anonymous_22)
FNDA:0,(anonymous_23)
FNDA:0,(anonymous_24)
FNDA:0,(anonymous_25)
FNDA:0,(anonymous_26)
FNDA:0,(anonymous_27)
FNDA:0,(anonymous_28)
FNDA:0,(anonymous_29)
FNDA:0,(anonymous_30)
FNDA:0,(anonymous_31)
DA:1,0
DA:9,0
DA:11,0
DA:41,0
DA:42,0
DA:43,0
DA:46,0
DA:47,0
DA:49,0
DA:50,0
DA:52,0
DA:57,0
DA:61,0
DA:62,0
DA:64,0
DA:65,0
DA:66,0
DA:67,0
DA:69,0
DA:81,0
DA:83,0
DA:84,0
DA:85,0
DA:86,0
DA:89,0
DA:90,0
DA:93,0
DA:97,0
DA:98,0
DA:99,0
DA:100,0
DA:104,0
DA:111,0
DA:112,0
DA:116,0
DA:117,0
DA:121,0
DA:122,0
DA:123,0
DA:124,0
DA:125,0
DA:126,0
DA:127,0
DA:133,0
DA:134,0
DA:135,0
DA:137,0
DA:138,0
DA:139,0
DA:140,0
DA:141,0
DA:144,0
DA:148,0
DA:152,0
DA:156,0
DA:161,0
DA:162,0
DA:163,0
DA:167,0
DA:169,0
DA:170,0
DA:171,0
DA:172,0
DA:176,0
DA:177,0
DA:178,0
DA:179,0
DA:184,0
DA:186,0
DA:187,0
DA:188,0
DA:190,0
DA:191,0
DA:194,0
DA:198,0
DA:199,0
DA:200,0
DA:201,0
DA:202,0
DA:208,0
DA:209,0
DA:213,0
DA:214,0
DA:215,0
DA:220,0
DA:221,0
DA:226,0
DA:228,0
DA:229,0
DA:231,0
DA:247,0
DA:249,0
DA:252,0
DA:254,0
DA:255,0
DA:257,0
DA:258,0
DA:260,0
DA:261,0
DA:263,0
DA:264,0
DA:266,0
DA:269,0
DA:273,0
DA:274,0
DA:275,0
DA:276,0
DA:280,0
DA:281,0
DA:285,0
DA:290,0
DA:295,0
DA:327,0
LF:113
LH:0
BRDA:42,0,0,0
BRDA:49,1,0,0
BRDA:60,2,0,0
BRDA:83,3,0,0
BRDA:83,3,1,0
BRDA:85,4,0,0
BRDA:89,5,0,0
BRDA:122,6,0,0
BRDA:137,7,0,0
BRDA:137,7,1,0
BRDA:140,8,0,0
BRDA:156,9,0,0
BRDA:156,9,1,0
BRDA:163,10,0,0
BRDA:163,10,1,0
BRDA:167,11,0,0
BRDA:183,12,0,0
BRDA:184,13,0,0
BRDA:190,14,0,0
BRDA:190,15,0,0
BRDA:190,15,1,0
BRDA:197,16,0,0
BRDA:199,17,0,0
BRDA:200,18,0,0
BRDA:200,18,1,0
BRDA:213,19,0,0
BRDA:226,20,0,0
BRDA:226,21,0,0
BRDA:226,21,1,0
BRDA:229,22,0,0
BRDA:247,23,0,0
BRDA:252,24,0,0
BRDA:252,24,1,0
BRDA:252,24,2,0
BRDA:252,24,3,0
BRDA:252,24,4,0
BRDA:281,25,0,0
BRDA:281,25,1,0
BRF:38
BRH:0
end_of_record
TN:
SF:src/models/Project.ts
FN:22,(anonymous_0)
FN:25,(anonymous_1)
FN:38,(anonymous_2)
FN:41,(anonymous_3)
FN:45,(anonymous_4)
FN:50,(anonymous_5)
FN:60,(anonymous_6)
FN:66,(anonymous_7)
FN:85,(anonymous_8)
FN:90,(anonymous_9)
FN:96,(anonymous_10)
FN:103,(anonymous_11)
FN:108,(anonymous_12)
FN:113,(anonymous_13)
FN:120,(anonymous_14)
FN:125,(anonymous_15)
FN:146,(anonymous_16)
FNF:17
FNH:0
FNDA:0,(anonymous_0)
FNDA:0,(anonymous_1)
FNDA:0,(anonymous_2)
FNDA:0,(anonymous_3)
FNDA:0,(anonymous_4)
FNDA:0,(anonymous_5)
FNDA:0,(anonymous_6)
FNDA:0,(anonymous_7)
FNDA:0,(anonymous_8)
FNDA:0,(anonymous_9)
FNDA:0,(anonymous_10)
FNDA:0,(anonymous_11)
FNDA:0,(anonymous_12)
FNDA:0,(anonymous_13)
FNDA:0,(anonymous_14)
FNDA:0,(anonymous_15)
FNDA:0,(anonymous_16)
DA:1,0
DA:2,0
DA:4,0
DA:23,0
DA:24,0
DA:25,0
DA:28,0
DA:29,0
DA:31,0
DA:32,0
DA:34,0
DA:39,0
DA:41,0
DA:42,0
DA:46,0
DA:49,0
DA:50,0
DA:51,0
DA:52,0
DA:54,0
DA:59,0
DA:60,0
DA:63,0
DA:72,0
DA:73,0
DA:74,0
DA:75,0
DA:77,0
DA:86,0
DA:87,0
DA:91,0
DA:92,0
DA:93,0
DA:97,0
DA:98,0
DA:99,0
DA:100,0
DA:104,0
DA:105,0
DA:109,0
DA:110,0
DA:114,0
DA:115,0
DA:116,0
DA:121,0
DA:126,0
DA:147,0
LF:47
LH:0
BRDA:24,0,0,0
BRDA:31,1,0,0
BRDA:39,2,0,0
BRDA:39,3,0,0
BRDA:39,3,1,0
BRDA:49,4,0,0
BRDA:51,5,0,0
BRDA:51,6,0,0
BRDA:51,6,1,0
BRDA:54,7,0,0
BRDA:54,7,1,0
BRDA:59,8,0,0
BRDA:75,9,0,0
BRDA:75,9,1,0
BRDA:93,10,0,0
BRDA:93,10,1,0
BRF:16
BRH:0
end_of_record
TN:
SF:src/models/Task.ts
FN:22,(anonymous_0)
FN:25,(anonymous_1)
FN:38,(anonymous_2)
FN:45,(anonymous_3)
FN:60,(anonymous_4)
FN:66,(anonymous_5)
FN:73,(anonymous_6)
FN:83,(anonymous_7)
FN:86,(anonymous_8)
FN:89,(anonymous_9)
FN:98,(anonymous_10)
FN:108,(anonymous_11)
FN:118,(anonymous_12)
FN:128,(anonymous_13)
FN:133,(anonymous_14)
FN:154,(anonymous_15)
FNF:16
FNH:0
FNDA:0,(anonymous_0)
FNDA:0,(anonymous_1)
FNDA:0,(anonymous_2)
FNDA:0,(anonymous_3)
FNDA:0,(anonymous_4)
FNDA:0,(anonymous_5)
FNDA:0,(anonymous_6)
FNDA:0,(anonymous_7)
FNDA:0,(anonymous_8)
FNDA:0,(anonymous_9)
FNDA:0,(anonymous_10)
FNDA:0,(anonymous_11)
FNDA:0,(anonymous_12)
FNDA:0,(anonymous_13)
FNDA:0,(anonymous_14)
FNDA:0,(anonymous_15)
DA:1,0
DA:2,0
DA:4,0
DA:23,0
DA:24,0
DA:25,0
DA:28,0
DA:29,0
DA:31,0
DA:32,0
DA:34,0
DA:39,0
DA:41,0
DA:42,0
DA:49,0
DA:50,0
DA:54,0
DA:61,0
DA:62,0
DA:63,0
DA:67,0
DA:68,0
DA:69,0
DA:70,0
DA:74,0
DA:75,0
DA:76,0
DA:80,0
DA:84,0
DA:86,0
DA:90,0
DA:91,0
DA:93,0
DA:94,0
DA:99,0
DA:100,0
DA:103,0
DA:104,0
DA:109,0
DA:110,0
DA:112,0
DA:113,0
DA:119,0
DA:120,0
DA:121,0
DA:122,0
DA:123,0
DA:129,0
DA:134,0
DA:155,0
LF:50
LH:0
BRDA:24,0,0,0
BRDA:31,1,0,0
BRDA:39,2,0,0
BRDA:41,3,0,0
BRDA:41,3,1,0
BRDA:41,3,2,0
BRDA:50,4,0,0
BRDA:50,4,1,0
BRDA:63,5,0,0
BRDA:63,5,1,0
BRDA:74,6,0,0
BRDA:75,7,0,0
BRDA:76,8,0,0
BRDA:76,8,1,0
BRDA:84,9,0,0
BRDA:84,10,0,0
BRDA:84,10,1,0
BRDA:93,11,0,0
BRDA:93,12,0,0
BRDA:93,12,1,0
BRDA:103,13,0,0
BRDA:103,14,0,0
BRDA:103,14,1,0
BRDA:112,15,0,0
BRDA:119,16,0,0
BRDA:119,16,1,0
BRDA:119,16,2,0
BRDA:119,16,3,0
BRF:28
BRH:0
end_of_record
TN:
SF:src/models/TimeEntry.ts
FN:21,(anonymous_0)
FN:24,(anonymous_1)
FN:42,(anonymous_2)
FN:49,(anonymous_3)
FN:55,(anonymous_4)
FN:68,(anonymous_5)
FN:75,(anonymous_6)
FN:82,(anonymous_7)
FN:94,(anonymous_8)
FN:99,(anonymous_9)
FN:108,(anonymous_10)
FN:117,(anonymous_11)
FN:122,(anonymous_12)
FN:126,(anonymous_13)
FN:131,(anonymous_14)
FN:137,(anonymous_15)
FN:150,(anonymous_16)
FN:155,(anonymous_17)
FN:160,(anonymous_18)
FN:161,(anonymous_19)
FN:164,(anonymous_20)
FN:166,(anonymous_21)
FN:167,(anonymous_22)
FN:170,(anonymous_23)
FN:172,(anonymous_24)
FN:173,(anonymous_25)
FN:176,(anonymous_26)
FN:177,(anonymous_27)
FN:187,(anonymous_28)
FN:188,(anonymous_29)
FN:199,(anonymous_30)
FN:204,(anonymous_31)
FN:224,(anonymous_32)
FNF:33
FNH:0
FNDA:0,(anonymous_0)
FNDA:0,(anonymous_1)
FNDA:0,(anonymous_2)
FNDA:0,(anonymous_3)
FNDA:0,(anonymous_4)
FNDA:0,(anonymous_5)
FNDA:0,(anonymous_6)
FNDA:0,(anonymous_7)
FNDA:0,(anonymous_8)
FNDA:0,(anonymous_9)
FNDA:0,(anonymous_10)
FNDA:0,(anonymous_11)
FNDA:0,(anonymous_12)
FNDA:0,(anonymous_13)
FNDA:0,(anonymous_14)
FNDA:0,(anonymous_15)
FNDA:0,(anonymous_16)
FNDA:0,(anonymous_17)
FNDA:0,(anonymous_18)
FNDA:0,(anonymous_19)
FNDA:0,(anonymous_20)
FNDA:0,(anonymous_21)
FNDA:0,(anonymous_22)
FNDA:0,(anonymous_23)
FNDA:0,(anonymous_24)
FNDA:0,(anonymous_25)
FNDA:0,(anonymous_26)
FNDA:0,(anonymous_27)
FNDA:0,(anonymous_28)
FNDA:0,(anonymous_29)
FNDA:0,(anonymous_30)
FNDA:0,(anonymous_31)
FNDA:0,(anonymous_32)
DA:2,0
DA:4,0
DA:22,0
DA:23,0
DA:24,0
DA:27,0
DA:28,0
DA:30,0
DA:31,0
DA:33,0
DA:36,0
DA:37,0
DA:43,0
DA:45,0
DA:46,0
DA:50,0
DA:51,0
DA:56,0
DA:58,0
DA:59,0
DA:61,0
DA:62,0
DA:64,0
DA:65,0
DA:69,0
DA:70,0
DA:71,0
DA:76,0
DA:77,0
DA:78,0
DA:83,0
DA:85,0
DA:86,0
DA:88,0
DA:89,0
DA:91,0
DA:95,0
DA:96,0
DA:100,0
DA:101,0
DA:102,0
DA:103,0
DA:105,0
DA:109,0
DA:110,0
DA:112,0
DA:118,0
DA:119,0
DA:123,0
DA:127,0
DA:128,0
DA:132,0
DA:133,0
DA:138,0
DA:139,0
DA:141,0
DA:142,0
DA:143,0
DA:144,0
DA:146,0
DA:151,0
DA:152,0
DA:156,0
DA:161,0
DA:165,0
DA:166,0
DA:167,0
DA:171,0
DA:172,0
DA:173,0
DA:177,0
DA:178,0
DA:179,0
DA:180,0
DA:182,0
DA:183,0
DA:188,0
DA:189,0
DA:190,0
DA:191,0
DA:193,0
DA:194,0
DA:200,0
DA:205,0
DA:225,0
LF:85
LH:0
BRDA:23,0,0,0
BRDA:30,1,0,0
BRDA:36,2,0,0
BRDA:36,3,0,0
BRDA:36,3,1,0
BRDA:43,4,0,0
BRDA:45,5,0,0
BRDA:45,5,1,0
BRDA:45,5,2,0
BRDA:56,6,0,0
BRDA:56,7,0,0
BRDA:56,7,1,0
BRDA:69,8,0,0
BRDA:69,9,0,0
BRDA:69,9,1,0
BRDA:83,10,0,0
BRDA:83,11,0,0
BRDA:83,11,1,0
BRDA:105,12,0,0
BRDA:105,12,1,0
BRDA:112,13,0,0
BRDA:112,13,1,0
BRDA:141,14,0,0
BRDA:141,14,1,0
BRDA:143,15,0,0
BRDA:143,15,1,0
BRDA:151,16,0,0
BRDA:151,17,0,0
BRDA:151,17,1,0
BRDA:172,18,0,0
BRDA:172,18,1,0
BRDA:173,19,0,0
BRDA:173,19,1,0
BRDA:179,20,0,0
BRDA:190,21,0,0
BRF:35
BRH:0
end_of_record
TN:
SF:src/routes/analytics.ts
FN:22,(anonymous_0)
FN:70,(anonymous_1)
FN:71,(anonymous_2)
FN:75,(anonymous_3)
FN:76,(anonymous_4)
FN:77,(anonymous_5)
FN:79,(anonymous_6)
FN:80,(anonymous_7)
FN:80,(anonymous_8)
FN:81,(anonymous_9)
FN:94,(anonymous_10)
FN:95,(anonymous_11)
FN:96,(anonymous_12)
FN:99,(anonymous_13)
FN:121,(anonymous_14)
FN:122,(anonymous_15)
FN:155,(anonymous_16)
FN:159,(anonymous_17)
FN:173,(anonymous_18)
FN:192,(anonymous_19)
FN:247,(anonymous_20)
FN:248,(anonymous_21)
FN:249,(anonymous_22)
FN:250,(anonymous_23)
FN:256,(anonymous_24)
FN:257,(anonymous_25)
FN:258,(anonymous_26)
FN:259,(anonymous_27)
FN:266,(anonymous_28)
FN:269,(anonymous_29)
FN:270,(anonymous_30)
FN:271,(anonymous_31)
FN:272,(anonymous_32)
FN:276,(anonymous_33)
FN:285,(anonymous_34)
FN:286,(anonymous_35)
FN:297,(anonymous_36)
FN:298,(anonymous_37)
FN:309,(anonymous_38)
FN:311,(anonymous_39)
FN:312,(anonymous_40)
FN:337,(anonymous_41)
FN:367,(anonymous_42)
FN:383,(anonymous_43)
FN:401,(anonymous_44)
FN:430,(anonymous_45)
FN:443,(anonymous_46)
FN:444,(anonymous_47)
FNF:48
FNH:0
FNDA:0,(anonymous_0)
FNDA:0,(anonymous_1)
FNDA:0,(anonymous_2)
FNDA:0,(anonymous_3)
FNDA:0,(anonymous_4)
FNDA:0,(anonymous_5)
FNDA:0,(anonymous_6)
FNDA:0,(anonymous_7)
FNDA:0,(anonymous_8)
FNDA:0,(anonymous_9)
FNDA:0,(anonymous_10)
FNDA:0,(anonymous_11)
FNDA:0,(anonymous_12)
FNDA:0,(anonymous_13)
FNDA:0,(anonymous_14)
FNDA:0,(anonymous_15)
FNDA:0,(anonymous_16)
FNDA:0,(anonymous_17)
FNDA:0,(anonymous_18)
FNDA:0,(anonymous_19)
FNDA:0,(anonymous_20)
FNDA:0,(anonymous_21)
FNDA:0,(anonymous_22)
FNDA:0,(anonymous_23)
FNDA:0,(anonymous_24)
FNDA:0,(anonymous_25)
FNDA:0,(anonymous_26)
FNDA:0,(anonymous_27)
FNDA:0,(anonymous_28)
FNDA:0,(anonymous_29)
FNDA:0,(anonymous_30)
FNDA:0,(anonymous_31)
FNDA:0,(anonymous_32)
FNDA:0,(anonymous_33)
FNDA:0,(anonymous_34)
FNDA:0,(anonymous_35)
FNDA:0,(anonymous_36)
FNDA:0,(anonymous_37)
FNDA:0,(anonymous_38)
FNDA:0,(anonymous_39)
FNDA:0,(anonymous_40)
FNDA:0,(anonymous_41)
FNDA:0,(anonymous_42)
FNDA:0,(anonymous_43)
FNDA:0,(anonymous_44)
FNDA:0,(anonymous_45)
FNDA:0,(anonymous_46)
FNDA:0,(anonymous_47)
DA:1,0
DA:2,0
DA:3,0
DA:4,0
DA:5,0
DA:6,0
DA:7,0
DA:8,0
DA:10,0
DA:11,0
DA:14,0
DA:20,0
DA:23,0
DA:24,0
DA:27,0
DA:31,0
DA:32,0
DA:38,0
DA:41,0
DA:42,0
DA:49,0
DA:50,0
DA:58,0
DA:70,0
DA:71,0
DA:74,0
DA:75,0
DA:76,0
DA:77,0
DA:79,0
DA:80,0
DA:81,0
DA:84,0
DA:85,0
DA:86,0
DA:89,0
DA:90,0
DA:93,0
DA:94,0
DA:95,0
DA:96,0
DA:99,0
DA:102,0
DA:111,0
DA:112,0
DA:113,0
DA:114,0
DA:115,0
DA:116,0
DA:119,0
DA:120,0
DA:121,0
DA:122,0
DA:126,0
DA:127,0
DA:131,0
DA:155,0
DA:159,0
DA:174,0
DA:175,0
DA:180,0
DA:181,0
DA:192,0
DA:193,0
DA:194,0
DA:197,0
DA:198,0
DA:199,0
DA:201,0
DA:202,0
DA:206,0
DA:207,0
DA:208,0
DA:212,0
DA:213,0
DA:216,0
DA:226,0
DA:242,0
DA:243,0
DA:244,0
DA:246,0
DA:247,0
DA:248,0
DA:249,0
DA:250,0
DA:254,0
DA:256,0
DA:257,0
DA:258,0
DA:260,0
DA:261,0
DA:266,0
DA:267,0
DA:269,0
DA:270,0
DA:271,0
DA:272,0
DA:276,0
DA:277,0
DA:278,0
DA:281,0
DA:282,0
DA:283,0
DA:285,0
DA:286,0
DA:288,0
DA:297,0
DA:298,0
DA:299,0
DA:300,0
DA:301,0
DA:303,0
DA:310,0
DA:311,0
DA:312,0
DA:313,0
DA:317,0
DA:325,0
DA:326,0
DA:337,0
DA:338,0
DA:339,0
DA:342,0
DA:344,0
DA:345,0
DA:348,0
DA:349,0
DA:352,0
DA:353,0
DA:357,0
DA:358,0
DA:362,0
DA:363,0
DA:367,0
DA:368,0
DA:369,0
DA:375,0
DA:376,0
DA:382,0
DA:383,0
DA:386,0
DA:388,0
DA:390,0
DA:391,0
DA:393,0
DA:394,0
DA:396,0
DA:400,0
DA:402,0
DA:403,0
DA:404,0
DA:405,0
DA:407,0
DA:408,0
DA:410,0
DA:413,0
DA:416,0
DA:430,0
DA:431,0
DA:432,0
DA:434,0
DA:438,0
DA:443,0
DA:444,0
DA:447,0
DA:458,0
DA:459,0
DA:466,0
LF:168
LH:0
BRDA:31,0,0,0
BRDA:41,1,0,0
BRDA:49,2,0,0
BRDA:104,3,0,0
BRDA:104,3,1,0
BRDA:105,4,0,0
BRDA:105,4,1,0
BRDA:106,5,0,0
BRDA:106,5,1,0
BRDA:106,6,0,0
BRDA:106,6,1,0
BRDA:116,7,0,0
BRDA:116,7,1,0
BRDA:119,8,0,0
BRDA:119,8,1,0
BRDA:121,9,0,0
BRDA:121,9,1,0
BRDA:122,10,0,0
BRDA:122,10,1,0
BRDA:126,11,0,0
BRDA:147,12,0,0
BRDA:147,12,1,0
BRDA:154,13,0,0
BRDA:154,13,1,0
BRDA:167,14,0,0
BRDA:167,14,1,0
BRDA:174,15,0,0
BRDA:174,15,1,0
BRDA:198,16,0,0
BRDA:201,17,0,0
BRDA:207,18,0,0
BRDA:212,19,0,0
BRDA:212,19,1,0
BRDA:246,20,0,0
BRDA:246,21,0,0
BRDA:246,21,1,0
BRDA:293,22,0,0
BRDA:293,22,1,0
BRDA:297,23,0,0
BRDA:297,23,1,0
BRDA:301,24,0,0
BRDA:301,24,1,0
BRDA:339,25,0,0
BRDA:344,26,0,0
BRDA:348,27,0,0
BRDA:352,28,0,0
BRDA:357,29,0,0
BRDA:362,30,0,0
BRDA:368,31,0,0
BRDA:375,32,0,0
BRDA:388,33,0,0
BRDA:388,33,1,0
BRDA:388,33,2,0
BRDA:408,34,0,0
BRDA:413,35,0,0
BRDA:413,35,1,0
BRDA:424,36,0,0
BRDA:424,36,1,0
BRDA:431,37,0,0
BRF:59
BRH:0
end_of_record
TN:
SF:src/routes/auth.ts
FN:17,(anonymous_0)
FN:91,(anonymous_1)
FN:198,(anonymous_2)
FN:221,(anonymous_3)
FN:245,(anonymous_4)
FN:299,(anonymous_5)
FNF:6
FNH:0
FNDA:0,(anonymous_0)
FNDA:0,(anonymous_1)
FNDA:0,(anonymous_2)
FNDA:0,(anonymous_3)
FNDA:0,(anonymous_4)
FNDA:0,(anonymous_5)
DA:1,0
DA:2,0
DA:3,0
DA:4,0
DA:5,0
DA:6,0
DA:7,0
DA:9,0
DA:10,0
DA:11,0
DA:17,0
DA:18,0
DA:19,0
DA:22,0
DA:26,0
DA:27,0
DA:31,0
DA:35,0
DA:38,0
DA:39,0
DA:54,0
DA:57,0
DA:65,0
DA:67,0
DA:79,0
DA:80,0
DA:91,0
DA:92,0
DA:93,0
DA:96,0
DA:100,0
DA:101,0
DA:105,0
DA:108,0
DA:111,0
DA:112,0
DA:116,0
DA:120,0
DA:121,0
DA:125,0
DA:129,0
DA:131,0
DA:133,0
DA:134,0
DA:140,0
DA:141,0
DA:142,0
DA:143,0
DA:146,0
DA:148,0
DA:152,0
DA:156,0
DA:164,0
DA:172,0
DA:174,0
DA:186,0
DA:187,0
DA:198,0
DA:199,0
DA:200,0
DA:202,0
DA:204,0
DA:209,0
DA:210,0
DA:221,0
DA:222,0
DA:223,0
DA:225,0
DA:226,0
DA:229,0
DA:233,0
DA:235,0
DA:245,0
DA:246,0
DA:247,0
DA:248,0
DA:252,0
DA:256,0
DA:260,0
DA:261,0
DA:265,0
DA:268,0
DA:270,0
DA:283,0
DA:284,0
DA:295,0
DA:300,0
DA:301,0
DA:302,0
DA:306,0
DA:309,0
DA:312,0
DA:316,0
DA:317,0
DA:321,0
DA:324,0
DA:327,0
DA:332,0
DA:333,0
DA:337,0
DA:341,0
DA:344,0
DA:349,0
DA:351,0
DA:355,0
DA:356,0
DA:363,0
LF:107
LH:0
BRDA:19,0,0,0
BRDA:26,1,0,0
BRDA:100,2,0,0
BRDA:111,3,0,0
BRDA:111,4,0,0
BRDA:111,4,1,0
BRDA:120,5,0,0
BRDA:131,6,0,0
BRDA:133,7,0,0
BRDA:133,7,1,0
BRDA:140,8,0,0
BRDA:212,9,0,0
BRDA:212,9,1,0
BRDA:225,10,0,0
BRDA:247,11,0,0
BRDA:260,12,0,0
BRDA:301,13,0,0
BRDA:316,14,0,0
BRDA:332,15,0,0
BRF:19
BRH:0
end_of_record
TN:
SF:src/routes/automation.ts
FN:50,(anonymous_1)
FN:87,(anonymous_2)
FN:124,(anonymous_3)
FN:163,(anonymous_4)
FN:212,(anonymous_5)
FN:244,(anonymous_6)
FN:256,(anonymous_7)
FN:284,(anonymous_8)
FN:320,(anonymous_9)
FN:358,(anonymous_10)
FN:392,(anonymous_11)
FN:427,(anonymous_12)
FN:474,(anonymous_13)
FN:508,(anonymous_14)
FN:544,(anonymous_15)
FN:556,(anonymous_16)
FN:584,(anonymous_17)
FN:621,(anonymous_18)
FN:632,(anonymous_19)
FN:665,(anonymous_20)
FN:698,(anonymous_21)
FN:720,(anonymous_22)
FNF:22
FNH:0
FNDA:0,(anonymous_1)
FNDA:0,(anonymous_2)
FNDA:0,(anonymous_3)
FNDA:0,(anonymous_4)
FNDA:0,(anonymous_5)
FNDA:0,(anonymous_6)
FNDA:0,(anonymous_7)
FNDA:0,(anonymous_8)
FNDA:0,(anonymous_9)
FNDA:0,(anonymous_10)
FNDA:0,(anonymous_11)
FNDA:0,(anonymous_12)
FNDA:0,(anonymous_13)
FNDA:0,(anonymous_14)
FNDA:0,(anonymous_15)
FNDA:0,(anonymous_16)
FNDA:0,(anonymous_17)
FNDA:0,(anonymous_18)
FNDA:0,(anonymous_19)
FNDA:0,(anonymous_20)
FNDA:0,(anonymous_21)
FNDA:0,(anonymous_22)
DA:1,0
DA:2,0
DA:3,0
DA:4,0
DA:5,0
DA:7,0
DA:8,0
DA:11,0
DA:20,0
DA:30,0
DA:44,0
DA:51,0
DA:52,0
DA:53,0
DA:55,0
DA:60,0
DA:70,0
DA:71,0
DA:81,0
DA:88,0
DA:89,0
DA:90,0
DA:92,0
DA:97,0
DA:107,0
DA:108,0
DA:118,0
DA:125,0
DA:126,0
DA:127,0
DA:129,0
DA:134,0
DA:144,0
DA:145,0
DA:155,0
DA:164,0
DA:165,0
DA:167,0
DA:174,0
DA:186,0
DA:187,0
DA:197,0
DA:213,0
DA:214,0
DA:215,0
DA:217,0
DA:222,0
DA:228,0
DA:229,0
DA:239,0
DA:245,0
DA:246,0
DA:247,0
DA:249,0
DA:250,0
DA:253,0
DA:256,0
DA:263,0
DA:269,0
DA:270,0
DA:279,0
DA:285,0
DA:286,0
DA:288,0
DA:290,0
DA:299,0
DA:300,0
DA:309,0
DA:321,0
DA:322,0
DA:323,0
DA:325,0
DA:327,0
DA:328,0
DA:334,0
DA:343,0
DA:344,0
DA:353,0
DA:359,0
DA:360,0
DA:362,0
DA:364,0
DA:365,0
DA:371,0
DA:376,0
DA:377,0
DA:387,0
DA:393,0
DA:394,0
DA:396,0
DA:398,0
DA:408,0
DA:409,0
DA:419,0
DA:428,0
DA:429,0
DA:431,0
DA:438,0
DA:439,0
DA:445,0
DA:456,0
DA:457,0
DA:467,0
DA:475,0
DA:476,0
DA:477,0
DA:479,0
DA:481,0
DA:491,0
DA:492,0
DA:502,0
DA:509,0
DA:510,0
DA:512,0
DA:517,0
DA:526,0
DA:527,0
DA:537,0
DA:545,0
DA:546,0
DA:547,0
DA:549,0
DA:550,0
DA:551,0
DA:553,0
DA:556,0
DA:561,0
DA:568,0
DA:569,0
DA:579,0
DA:585,0
DA:586,0
DA:588,0
DA:592,0
DA:593,0
DA:599,0
DA:604,0
DA:605,0
DA:615,0
DA:622,0
DA:623,0
DA:624,0
DA:626,0
DA:627,0
DA:629,0
DA:632,0
DA:637,0
DA:644,0
DA:645,0
DA:655,0
DA:666,0
DA:667,0
DA:673,0
DA:675,0
DA:684,0
DA:685,0
DA:695,0
DA:699,0
DA:700,0
DA:702,0
DA:707,0
DA:708,0
DA:717,0
DA:721,0
DA:722,0
DA:724,0
DA:729,0
DA:730,0
DA:739,0
LF:169
LH:0
BRDA:74,0,0,0
BRDA:74,0,1,0
BRDA:111,1,0,0
BRDA:111,1,1,0
BRDA:148,2,0,0
BRDA:148,2,1,0
BRDA:190,3,0,0
BRDA:190,3,1,0
BRDA:232,4,0,0
BRDA:232,4,1,0
BRDA:249,5,0,0
BRDA:273,6,0,0
BRDA:273,6,1,0
BRDA:303,7,0,0
BRDA:303,7,1,0
BRDA:327,8,0,0
BRDA:347,9,0,0
BRDA:347,9,1,0
BRDA:364,10,0,0
BRDA:380,11,0,0
BRDA:380,11,1,0
BRDA:412,12,0,0
BRDA:412,12,1,0
BRDA:429,13,0,0
BRDA:438,14,0,0
BRDA:460,15,0,0
BRDA:460,15,1,0
BRDA:477,16,0,0
BRDA:495,17,0,0
BRDA:495,17,1,0
BRDA:530,18,0,0
BRDA:530,18,1,0
BRDA:549,19,0,0
BRDA:550,20,0,0
BRDA:551,21,0,0
BRDA:572,22,0,0
BRDA:572,22,1,0
BRDA:592,23,0,0
BRDA:608,24,0,0
BRDA:608,24,1,0
BRDA:626,25,0,0
BRDA:627,26,0,0
BRDA:648,27,0,0
BRDA:648,27,1,0
BRDA:688,28,0,0
BRDA:688,28,1,0
BRDA:711,29,0,0
BRDA:711,29,1,0
BRDA:733,30,0,0
BRDA:733,30,1,0
BRF:50
BRH:0
end_of_record
TN:
SF:src/routes/client-portal.ts
FN:16,(anonymous_1)
FN:80,(anonymous_2)
FN:176,(anonymous_3)
FN:205,(anonymous_4)
FN:229,(anonymous_5)
FN:232,(anonymous_6)
FN:233,(anonymous_7)
FN:235,(anonymous_8)
FN:236,(anonymous_9)
FN:239,(anonymous_10)
FN:242,(anonymous_11)
FN:249,(anonymous_12)
FN:250,(anonymous_13)
FN:256,(anonymous_14)
FN:257,(anonymous_15)
FN:272,(anonymous_16)
FN:278,(anonymous_17)
FN:287,(anonymous_18)
FN:295,(anonymous_19)
FN:305,(anonymous_20)
FN:329,(anonymous_21)
FN:373,(anonymous_22)
FN:376,(anonymous_23)
FN:381,(anonymous_24)
FN:382,(anonymous_25)
FN:402,(anonymous_26)
FN:410,(anonymous_27)
FN:419,(anonymous_28)
FN:442,(anonymous_29)
FN:517,(anonymous_30)
FN:545,(anonymous_31)
FN:578,(anonymous_32)
FN:606,(anonymous_33)
FN:616,(anonymous_34)
FN:628,(anonymous_35)
FN:657,(anonymous_36)
FN:709,(anonymous_37)
FN:783,(anonymous_38)
FNF:38
FNH:0
FNDA:0,(anonymous_1)
FNDA:0,(anonymous_2)
FNDA:0,(anonymous_3)
FNDA:0,(anonymous_4)
FNDA:0,(anonymous_5)
FNDA:0,(anonymous_6)
FNDA:0,(anonymous_7)
FNDA:0,(anonymous_8)
FNDA:0,(anonymous_9)
FNDA:0,(anonymous_10)
FNDA:0,(anonymous_11)
FNDA:0,(anonymous_12)
FNDA:0,(anonymous_13)
FNDA:0,(anonymous_14)
FNDA:0,(anonymous_15)
FNDA:0,(anonymous_16)
FNDA:0,(anonymous_17)
FNDA:0,(anonymous_18)
FNDA:0,(anonymous_19)
FNDA:0,(anonymous_20)
FNDA:0,(anonymous_21)
FNDA:0,(anonymous_22)
FNDA:0,(anonymous_23)
FNDA:0,(anonymous_24)
FNDA:0,(anonymous_25)
FNDA:0,(anonymous_26)
FNDA:0,(anonymous_27)
FNDA:0,(anonymous_28)
FNDA:0,(anonymous_29)
FNDA:0,(anonymous_30)
FNDA:0,(anonymous_31)
FNDA:0,(anonymous_32)
FNDA:0,(anonymous_33)
FNDA:0,(anonymous_34)
FNDA:0,(anonymous_35)
FNDA:0,(anonymous_36)
FNDA:0,(anonymous_37)
FNDA:0,(anonymous_38)
DA:1,0
DA:2,0
DA:3,0
DA:4,0
DA:5,0
DA:6,0
DA:7,0
DA:9,0
DA:10,0
DA:11,0
DA:16,0
DA:17,0
DA:18,0
DA:19,0
DA:21,0
DA:22,0
DA:26,0
DA:29,0
DA:32,0
DA:33,0
DA:37,0
DA:41,0
DA:48,0
DA:49,0
DA:53,0
DA:57,0
DA:64,0
DA:66,0
DA:68,0
DA:72,0
DA:80,0
DA:81,0
DA:82,0
DA:84,0
DA:85,0
DA:92,0
DA:99,0
DA:100,0
DA:106,0
DA:109,0
DA:110,0
DA:117,0
DA:118,0
DA:120,0
DA:125,0
DA:132,0
DA:140,0
DA:146,0
DA:151,0
DA:153,0
DA:164,0
DA:165,0
DA:176,0
DA:177,0
DA:178,0
DA:180,0
DA:181,0
DA:185,0
DA:189,0
DA:193,0
DA:194,0
DA:205,0
DA:206,0
DA:207,0
DA:210,0
DA:217,0
DA:224,0
DA:229,0
DA:232,0
DA:233,0
DA:235,0
DA:236,0
DA:237,0
DA:239,0
DA:240,0
DA:242,0
DA:243,0
DA:248,0
DA:249,0
DA:250,0
DA:256,0
DA:257,0
DA:259,0
DA:272,0
DA:278,0
DA:287,0
DA:295,0
DA:305,0
DA:314,0
DA:315,0
DA:326,0
DA:330,0
DA:331,0
DA:332,0
DA:335,0
DA:342,0
DA:343,0
DA:349,0
DA:352,0
DA:359,0
DA:366,0
DA:373,0
DA:376,0
DA:377,0
DA:380,0
DA:381,0
DA:382,0
DA:386,0
DA:402,0
DA:410,0
DA:419,0
DA:428,0
DA:429,0
DA:440,0
DA:443,0
DA:444,0
DA:445,0
DA:447,0
DA:448,0
DA:455,0
DA:456,0
DA:463,0
DA:464,0
DA:471,0
DA:485,0
DA:488,0
DA:494,0
DA:496,0
DA:505,0
DA:506,0
DA:517,0
DA:518,0
DA:519,0
DA:520,0
DA:523,0
DA:527,0
DA:528,0
DA:532,0
DA:533,0
DA:542,0
DA:544,0
DA:545,0
DA:566,0
DA:567,0
DA:578,0
DA:579,0
DA:580,0
DA:581,0
DA:584,0
DA:588,0
DA:589,0
DA:593,0
DA:600,0
DA:601,0
DA:602,0
DA:603,0
DA:606,0
DA:607,0
DA:608,0
DA:609,0
DA:611,0
DA:612,0
DA:615,0
DA:616,0
DA:628,0
DA:642,0
DA:643,0
DA:654,0
DA:658,0
DA:659,0
DA:660,0
DA:663,0
DA:670,0
DA:671,0
DA:678,0
DA:683,0
DA:684,0
DA:690,0
DA:694,0
DA:695,0
DA:706,0
DA:710,0
DA:711,0
DA:712,0
DA:715,0
DA:722,0
DA:723,0
DA:729,0
DA:732,0
DA:733,0
DA:734,0
DA:737,0
DA:740,0
DA:774,0
DA:775,0
DA:783,0
DA:784,0
DA:785,0
DA:793,0
DA:795,0
DA:809,0
LF:201
LH:0
BRDA:19,0,0,0
BRDA:19,0,1,0
BRDA:21,1,0,0
BRDA:32,2,0,0
BRDA:48,3,0,0
BRDA:70,4,0,0
BRDA:70,4,1,0
BRDA:84,5,0,0
BRDA:84,6,0,0
BRDA:84,6,1,0
BRDA:99,7,0,0
BRDA:109,8,0,0
BRDA:117,9,0,0
BRDA:117,9,1,0
BRDA:118,10,0,0
BRDA:180,11,0,0
BRDA:240,12,0,0
BRDA:240,12,1,0
BRDA:243,13,0,0
BRDA:243,13,1,0
BRDA:243,13,2,0
BRDA:249,14,0,0
BRDA:249,14,1,0
BRDA:256,15,0,0
BRDA:256,15,1,0
BRDA:291,16,0,0
BRDA:291,16,1,0
BRDA:342,17,0,0
BRDA:377,18,0,0
BRDA:377,18,1,0
BRDA:397,19,0,0
BRDA:397,19,1,0
BRDA:447,20,0,0
BRDA:447,21,0,0
BRDA:447,21,1,0
BRDA:455,22,0,0
BRDA:463,23,0,0
BRDA:474,24,0,0
BRDA:474,24,1,0
BRDA:520,25,0,0
BRDA:520,26,0,0
BRDA:527,27,0,0
BRDA:556,28,0,0
BRDA:556,28,1,0
BRDA:581,29,0,0
BRDA:581,30,0,0
BRDA:588,31,0,0
BRDA:607,32,0,0
BRDA:607,32,1,0
BRDA:608,33,0,0
BRDA:670,34,0,0
BRDA:683,35,0,0
BRDA:722,36,0,0
BRDA:733,37,0,0
BRDA:737,38,0,0
BRDA:737,38,1,0
BRDA:760,39,0,0
BRDA:760,39,1,0
BRDA:783,40,0,0
BRF:59
BRH:0
end_of_record
TN:
SF:src/routes/clients.ts
FN:18,(anonymous_0)
FN:58,(anonymous_1)
FN:66,(anonymous_2)
FN:82,(anonymous_3)
FN:96,(anonymous_4)
FN:97,(anonymous_5)
FN:99,(anonymous_6)
FN:107,(anonymous_7)
FN:114,(anonymous_8)
FN:146,(anonymous_9)
FN:219,(anonymous_10)
FN:253,(anonymous_11)
FN:257,(anonymous_12)
FN:258,(anonymous_13)
FN:263,(anonymous_14)
FN:264,(anonymous_15)
FN:265,(anonymous_16)
FN:266,(anonymous_17)
FN:267,(anonymous_18)
FN:272,(anonymous_19)
FN:273,(anonymous_20)
FN:274,(anonymous_21)
FN:278,(anonymous_22)
FN:279,(anonymous_23)
FN:317,(anonymous_24)
FN:337,(anonymous_25)
FN:442,(anonymous_26)
FN:549,(anonymous_27)
FN:568,(anonymous_28)
FN:602,(anonymous_29)
FN:677,(anonymous_30)
FN:706,(anonymous_31)
FN:707,(anonymous_32)
FN:760,(anonymous_33)
FN:761,(anonymous_34)
FN:765,(anonymous_35)
FN:776,(anonymous_36)
FNF:37
FNH:0
FNDA:0,(anonymous_0)
FNDA:0,(anonymous_1)
FNDA:0,(anonymous_2)
FNDA:0,(anonymous_3)
FNDA:0,(anonymous_4)
FNDA:0,(anonymous_5)
FNDA:0,(anonymous_6)
FNDA:0,(anonymous_7)
FNDA:0,(anonymous_8)
FNDA:0,(anonymous_9)
FNDA:0,(anonymous_10)
FNDA:0,(anonymous_11)
FNDA:0,(anonymous_12)
FNDA:0,(anonymous_13)
FNDA:0,(anonymous_14)
FNDA:0,(anonymous_15)
FNDA:0,(anonymous_16)
FNDA:0,(anonymous_17)
FNDA:0,(anonymous_18)
FNDA:0,(anonymous_19)
FNDA:0,(anonymous_20)
FNDA:0,(anonymous_21)
FNDA:0,(anonymous_22)
FNDA:0,(anonymous_23)
FNDA:0,(anonymous_24)
FNDA:0,(anonymous_25)
FNDA:0,(anonymous_26)
FNDA:0,(anonymous_27)
FNDA:0,(anonymous_28)
FNDA:0,(anonymous_29)
FNDA:0,(anonymous_30)
FNDA:0,(anonymous_31)
FNDA:0,(anonymous_32)
FNDA:0,(anonymous_33)
FNDA:0,(anonymous_34)
FNDA:0,(anonymous_35)
FNDA:0,(anonymous_36)
DA:1,0
DA:2,0
DA:3,0
DA:4,0
DA:5,0
DA:6,0
DA:8,0
DA:9,0
DA:12,0
DA:18,0
DA:19,0
DA:29,0
DA:32,0
DA:34,0
DA:39,0
DA:40,0
DA:43,0
DA:44,0
DA:47,0
DA:48,0
DA:52,0
DA:53,0
DA:57,0
DA:58,0
DA:64,0
DA:65,0
DA:66,0
DA:67,0
DA:75,0
DA:76,0
DA:77,0
DA:78,0
DA:81,0
DA:83,0
DA:86,0
DA:91,0
DA:96,0
DA:97,0
DA:98,0
DA:99,0
DA:100,0
DA:104,0
DA:107,0
DA:114,0
DA:121,0
DA:131,0
DA:132,0
DA:143,0
DA:147,0
DA:148,0
DA:158,0
DA:162,0
DA:163,0
DA:170,0
DA:173,0
DA:174,0
DA:175,0
DA:183,0
DA:184,0
DA:191,0
DA:193,0
DA:195,0
DA:204,0
DA:205,0
DA:216,0
DA:220,0
DA:221,0
DA:224,0
DA:228,0
DA:229,0
DA:235,0
DA:238,0
DA:253,0
DA:257,0
DA:258,0
DA:259,0
DA:262,0
DA:263,0
DA:264,0
DA:265,0
DA:266,0
DA:267,0
DA:271,0
DA:272,0
DA:273,0
DA:274,0
DA:278,0
DA:279,0
DA:281,0
DA:317,0
DA:321,0
DA:322,0
DA:333,0
DA:338,0
DA:339,0
DA:342,0
DA:346,0
DA:347,0
DA:353,0
DA:356,0
DA:357,0
DA:364,0
DA:365,0
DA:373,0
DA:380,0
DA:383,0
DA:384,0
DA:385,0
DA:393,0
DA:394,0
DA:401,0
DA:403,0
DA:404,0
DA:411,0
DA:416,0
DA:418,0
DA:427,0
DA:428,0
DA:439,0
DA:443,0
DA:444,0
DA:447,0
DA:458,0
DA:462,0
DA:463,0
DA:470,0
DA:473,0
DA:474,0
DA:475,0
DA:483,0
DA:484,0
DA:491,0
DA:494,0
DA:495,0
DA:496,0
DA:506,0
DA:507,0
DA:511,0
DA:517,0
DA:519,0
DA:534,0
DA:535,0
DA:546,0
DA:550,0
DA:551,0
DA:552,0
DA:555,0
DA:562,0
DA:563,0
DA:564,0
DA:565,0
DA:568,0
DA:576,0
DA:586,0
DA:587,0
DA:598,0
DA:603,0
DA:604,0
DA:605,0
DA:607,0
DA:608,0
DA:615,0
DA:619,0
DA:620,0
DA:626,0
DA:632,0
DA:633,0
DA:634,0
DA:638,0
DA:640,0
DA:641,0
DA:648,0
DA:653,0
DA:655,0
DA:661,0
DA:662,0
DA:673,0
DA:678,0
DA:679,0
DA:682,0
DA:686,0
DA:687,0
DA:693,0
DA:696,0
DA:706,0
DA:707,0
DA:709,0
DA:710,0
DA:721,0
DA:726,0
DA:727,0
DA:734,0
DA:739,0
DA:741,0
DA:751,0
DA:752,0
DA:760,0
DA:761,0
DA:763,0
DA:765,0
DA:766,0
DA:767,0
DA:768,0
DA:769,0
DA:772,0
DA:776,0
DA:777,0
DA:778,0
DA:786,0
DA:788,0
DA:793,0
LF:211
LH:0
BRDA:21,0,0,0
BRDA:22,1,0,0
BRDA:27,2,0,0
BRDA:28,3,0,0
BRDA:34,4,0,0
BRDA:39,5,0,0
BRDA:43,6,0,0
BRDA:47,7,0,0
BRDA:52,8,0,0
BRDA:64,9,0,0
BRDA:67,10,0,0
BRDA:67,10,1,0
BRDA:67,10,2,0
BRDA:67,10,3,0
BRDA:67,10,4,0
BRDA:67,10,5,0
BRDA:100,11,0,0
BRDA:100,11,1,0
BRDA:100,11,2,0
BRDA:113,12,0,0
BRDA:113,12,1,0
BRDA:151,13,0,0
BRDA:151,13,1,0
BRDA:152,14,0,0
BRDA:152,14,1,0
BRDA:153,15,0,0
BRDA:153,15,1,0
BRDA:154,16,0,0
BRDA:154,16,1,0
BRDA:162,17,0,0
BRDA:173,18,0,0
BRDA:173,19,0,0
BRDA:173,19,1,0
BRDA:174,20,0,0
BRDA:183,21,0,0
BRDA:183,22,0,0
BRDA:183,22,1,0
BRDA:207,23,0,0
BRDA:207,23,1,0
BRDA:228,24,0,0
BRDA:278,25,0,0
BRDA:278,25,1,0
BRDA:279,26,0,0
BRDA:279,26,1,0
BRDA:315,27,0,0
BRDA:315,27,1,0
BRDA:346,28,0,0
BRDA:356,29,0,0
BRDA:356,30,0,0
BRDA:356,30,1,0
BRDA:364,31,0,0
BRDA:383,32,0,0
BRDA:383,33,0,0
BRDA:383,33,1,0
BRDA:384,34,0,0
BRDA:393,35,0,0
BRDA:393,36,0,0
BRDA:393,36,1,0
BRDA:403,37,0,0
BRDA:430,38,0,0
BRDA:430,38,1,0
BRDA:444,39,0,0
BRDA:444,40,0,0
BRDA:450,41,0,0
BRDA:450,41,1,0
BRDA:451,42,0,0
BRDA:451,42,1,0
BRDA:452,43,0,0
BRDA:452,43,1,0
BRDA:462,44,0,0
BRDA:473,45,0,0
BRDA:473,46,0,0
BRDA:473,46,1,0
BRDA:474,47,0,0
BRDA:483,48,0,0
BRDA:483,49,0,0
BRDA:483,49,1,0
BRDA:529,50,0,0
BRDA:529,50,1,0
BRDA:537,51,0,0
BRDA:537,51,1,0
BRDA:552,52,0,0
BRDA:552,53,0,0
BRDA:571,54,0,0
BRDA:571,54,1,0
BRDA:607,55,0,0
BRDA:619,56,0,0
BRDA:632,57,0,0
BRDA:632,58,0,0
BRDA:632,58,1,0
BRDA:640,59,0,0
BRDA:648,60,0,0
BRDA:648,60,1,0
BRDA:650,61,0,0
BRDA:650,61,1,0
BRDA:653,62,0,0
BRDA:653,62,1,0
BRDA:656,63,0,0
BRDA:656,63,1,0
BRDA:658,64,0,0
BRDA:658,64,1,0
BRDA:686,65,0,0
BRDA:707,66,0,0
BRDA:707,66,1,0
BRDA:709,67,0,0
BRDA:709,68,0,0
BRDA:709,68,1,0
BRDA:726,69,0,0
BRDA:761,70,0,0
BRDA:761,70,1,0
BRDA:763,71,0,0
BRDA:776,72,0,0
BRF:112
BRH:0
end_of_record
TN:
SF:src/routes/invoices.ts
FN:13,(anonymous_1)
FN:85,(anonymous_2)
FN:151,(anonymous_3)
FN:158,(anonymous_4)
FN:163,(anonymous_5)
FN:168,(anonymous_6)
FN:173,(anonymous_7)
FN:177,(anonymous_8)
FN:179,(anonymous_9)
FN:183,(anonymous_10)
FN:191,(anonymous_11)
FN:221,(anonymous_12)
FN:289,(anonymous_13)
FN:332,(anonymous_14)
FN:382,(anonymous_15)
FN:422,(anonymous_16)
FN:444,(anonymous_17)
FN:483,(anonymous_18)
FN:529,(anonymous_19)
FN:569,(anonymous_20)
FN:640,(anonymous_21)
FN:703,(anonymous_22)
FN:773,(anonymous_23)
FN:829,(anonymous_24)
FN:913,(anonymous_25)
FN:981,(anonymous_26)
FN:987,(anonymous_27)
FN:992,(anonymous_28)
FN:993,(anonymous_29)
FN:994,(anonymous_30)
FN:997,(anonymous_31)
FN:998,(anonymous_32)
FN:999,(anonymous_33)
FN:1000,(anonymous_34)
FN:1001,(anonymous_35)
FN:1005,(anonymous_36)
FN:1006,(anonymous_37)
FN:1007,(anonymous_38)
FN:1010,(anonymous_39)
FN:1011,(anonymous_40)
FN:1011,(anonymous_41)
FN:1013,(anonymous_42)
FN:1016,(anonymous_43)
FN:1038,processInvoiceData
FN:1049,createInvoiceFromData
FN:1054,generateInvoiceNumber
FN:1069,calculateDueDate
FN:1079,calculateAveragePaymentTime
FN:1080,(anonymous_49)
FN:1084,(anonymous_50)
FN:1095,calculateMonthlyRevenue
FN:1098,(anonymous_52)
FN:1106,(anonymous_53)
FN:1107,(anonymous_54)
FN:1110,calculateTopClients
FN:1113,(anonymous_56)
FN:1118,(anonymous_57)
FN:1120,(anonymous_58)
FN:1131,(anonymous_59)
FNF:59
FNH:0
FNDA:0,(anonymous_1)
FNDA:0,(anonymous_2)
FNDA:0,(anonymous_3)
FNDA:0,(anonymous_4)
FNDA:0,(anonymous_5)
FNDA:0,(anonymous_6)
FNDA:0,(anonymous_7)
FNDA:0,(anonymous_8)
FNDA:0,(anonymous_9)
FNDA:0,(anonymous_10)
FNDA:0,(anonymous_11)
FNDA:0,(anonymous_12)
FNDA:0,(anonymous_13)
FNDA:0,(anonymous_14)
FNDA:0,(anonymous_15)
FNDA:0,(anonymous_16)
FNDA:0,(anonymous_17)
FNDA:0,(anonymous_18)
FNDA:0,(anonymous_19)
FNDA:0,(anonymous_20)
FNDA:0,(anonymous_21)
FNDA:0,(anonymous_22)
FNDA:0,(anonymous_23)
FNDA:0,(anonymous_24)
FNDA:0,(anonymous_25)
FNDA:0,(anonymous_26)
FNDA:0,(anonymous_27)
FNDA:0,(anonymous_28)
FNDA:0,(anonymous_29)
FNDA:0,(anonymous_30)
FNDA:0,(anonymous_31)
FNDA:0,(anonymous_32)
FNDA:0,(anonymous_33)
FNDA:0,(anonymous_34)
FNDA:0,(anonymous_35)
FNDA:0,(anonymous_36)
FNDA:0,(anonymous_37)
FNDA:0,(anonymous_38)
FNDA:0,(anonymous_39)
FNDA:0,(anonymous_40)
FNDA:0,(anonymous_41)
FNDA:0,(anonymous_42)
FNDA:0,(anonymous_43)
FNDA:0,processInvoiceData
FNDA:0,createInvoiceFromData
FNDA:0,generateInvoiceNumber
FNDA:0,calculateDueDate
FNDA:0,calculateAveragePaymentTime
FNDA:0,(anonymous_49)
FNDA:0,(anonymous_50)
FNDA:0,calculateMonthlyRevenue
FNDA:0,(anonymous_52)
FNDA:0,(anonymous_53)
FNDA:0,(anonymous_54)
FNDA:0,calculateTopClients
FNDA:0,(anonymous_56)
FNDA:0,(anonymous_57)
FNDA:0,(anonymous_58)
FNDA:0,(anonymous_59)
DA:1,0
DA:2,0
DA:3,0
DA:4,0
DA:5,0
DA:8,0
DA:9,0
DA:10,0
DA:13,0
DA:14,0
DA:15,0
DA:16,0
DA:22,0
DA:24,0
DA:25,0
DA:26,0
DA:28,0
DA:31,0
DA:34,0
DA:55,0
DA:68,0
DA:85,0
DA:86,0
DA:87,0
DA:90,0
DA:99,0
DA:100,0
DA:107,0
DA:108,0
DA:115,0
DA:116,0
DA:123,0
DA:124,0
DA:131,0
DA:132,0
DA:139,0
DA:140,0
DA:148,0
DA:151,0
DA:152,0
DA:153,0
DA:155,0
DA:156,0
DA:158,0
DA:161,0
DA:162,0
DA:163,0
DA:166,0
DA:167,0
DA:168,0
DA:172,0
DA:173,0
DA:177,0
DA:178,0
DA:179,0
DA:182,0
DA:183,0
DA:184,0
DA:185,0
DA:186,0
DA:191,0
DA:200,0
DA:211,0
DA:212,0
DA:221,0
DA:222,0
DA:223,0
DA:224,0
DA:227,0
DA:228,0
DA:229,0
DA:235,0
DA:238,0
DA:239,0
DA:242,0
DA:243,0
DA:244,0
DA:245,0
DA:246,0
DA:252,0
DA:253,0
DA:254,0
DA:263,0
DA:279,0
DA:280,0
DA:289,0
DA:290,0
DA:291,0
DA:294,0
DA:295,0
DA:296,0
DA:302,0
DA:305,0
DA:306,0
DA:307,0
DA:308,0
DA:309,0
DA:314,0
DA:318,0
DA:321,0
DA:332,0
DA:340,0
DA:343,0
DA:346,0
DA:354,0
DA:356,0
DA:367,0
DA:368,0
DA:376,0
DA:383,0
DA:384,0
DA:385,0
DA:388,0
DA:389,0
DA:390,0
DA:396,0
DA:399,0
DA:400,0
DA:401,0
DA:407,0
DA:410,0
DA:417,0
DA:420,0
DA:421,0
DA:422,0
DA:424,0
DA:425,0
DA:436,0
DA:437,0
DA:444,0
DA:445,0
DA:455,0
DA:456,0
DA:463,0
DA:466,0
DA:483,0
DA:491,0
DA:497,0
DA:498,0
DA:501,0
DA:507,0
DA:519,0
DA:520,0
DA:529,0
DA:530,0
DA:531,0
DA:532,0
DA:535,0
DA:536,0
DA:537,0
DA:543,0
DA:546,0
DA:547,0
DA:554,0
DA:555,0
DA:556,0
DA:557,0
DA:565,0
DA:568,0
DA:569,0
DA:578,0
DA:583,0
DA:586,0
DA:587,0
DA:588,0
DA:589,0
DA:590,0
DA:591,0
DA:596,0
DA:602,0
DA:603,0
DA:610,0
DA:611,0
DA:612,0
DA:614,0
DA:615,0
DA:618,0
DA:623,0
DA:630,0
DA:631,0
DA:640,0
DA:641,0
DA:642,0
DA:643,0
DA:646,0
DA:647,0
DA:648,0
DA:654,0
DA:657,0
DA:658,0
DA:665,0
DA:668,0
DA:673,0
DA:674,0
DA:680,0
DA:687,0
DA:688,0
DA:697,0
DA:704,0
DA:705,0
DA:706,0
DA:709,0
DA:710,0
DA:711,0
DA:717,0
DA:720,0
DA:721,0
DA:722,0
DA:728,0
DA:731,0
DA:734,0
DA:743,0
DA:745,0
DA:746,0
DA:752,0
DA:763,0
DA:764,0
DA:773,0
DA:774,0
DA:775,0
DA:776,0
DA:779,0
DA:780,0
DA:781,0
DA:787,0
DA:790,0
DA:791,0
DA:792,0
DA:798,0
DA:801,0
DA:804,0
DA:805,0
DA:806,0
DA:808,0
DA:811,0
DA:812,0
DA:821,0
DA:830,0
DA:831,0
DA:832,0
DA:835,0
DA:836,0
DA:837,0
DA:843,0
DA:846,0
DA:847,0
DA:849,0
DA:850,0
DA:857,0
DA:864,0
DA:873,0
DA:874,0
DA:880,0
DA:898,0
DA:899,0
DA:908,0
DA:914,0
DA:915,0
DA:916,0
DA:919,0
DA:920,0
DA:921,0
DA:927,0
DA:930,0
DA:931,0
DA:938,0
DA:939,0
DA:941,0
DA:942,0
DA:943,0
DA:946,0
DA:952,0
DA:953,0
DA:959,0
DA:971,0
DA:972,0
DA:981,0
DA:982,0
DA:983,0
DA:986,0
DA:987,0
DA:990,0
DA:992,0
DA:993,0
DA:994,0
DA:997,0
DA:998,0
DA:999,0
DA:1000,0
DA:1001,0
DA:1005,0
DA:1006,0
DA:1007,0
DA:1010,0
DA:1011,0
DA:1013,0
DA:1016,0
DA:1022,0
DA:1028,0
DA:1029,0
DA:1039,0
DA:1050,0
DA:1055,0
DA:1056,0
DA:1059,0
DA:1065,0
DA:1066,0
DA:1070,0
DA:1071,0
DA:1073,0
DA:1074,0
DA:1076,0
DA:1080,0
DA:1082,0
DA:1084,0
DA:1085,0
DA:1086,0
DA:1087,0
DA:1088,0
DA:1089,0
DA:1092,0
DA:1096,0
DA:1098,0
DA:1099,0
DA:1100,0
DA:1101,0
DA:1105,0
DA:1106,0
DA:1107,0
DA:1111,0
DA:1113,0
DA:1114,0
DA:1117,0
DA:1118,0
DA:1120,0
DA:1122,0
DA:1123,0
DA:1124,0
DA:1125,0
DA:1126,0
DA:1127,0
DA:1131,0
DA:1136,0
DA:1139,0
LF:344
LH:0
BRDA:15,0,0,0
BRDA:92,1,0,0
BRDA:92,1,1,0
BRDA:93,2,0,0
BRDA:93,2,1,0
BRDA:94,3,0,0
BRDA:94,3,1,0
BRDA:95,4,0,0
BRDA:95,4,1,0
BRDA:99,5,0,0
BRDA:107,6,0,0
BRDA:115,7,0,0
BRDA:123,8,0,0
BRDA:131,9,0,0
BRDA:139,10,0,0
BRDA:161,11,0,0
BRDA:166,12,0,0
BRDA:172,13,0,0
BRDA:184,14,0,0
BRDA:193,15,0,0
BRDA:193,15,1,0
BRDA:215,16,0,0
BRDA:215,16,1,0
BRDA:228,17,0,0
BRDA:239,18,0,0
BRDA:239,18,1,0
BRDA:243,19,0,0
BRDA:245,20,0,0
BRDA:253,21,0,0
BRDA:258,22,0,0
BRDA:258,22,1,0
BRDA:274,23,0,0
BRDA:274,23,1,0
BRDA:283,24,0,0
BRDA:283,24,1,0
BRDA:295,25,0,0
BRDA:306,26,0,0
BRDA:308,27,0,0
BRDA:324,28,0,0
BRDA:324,28,1,0
BRDA:324,28,2,0
BRDA:325,29,0,0
BRDA:325,29,1,0
BRDA:325,29,2,0
BRDA:371,30,0,0
BRDA:371,30,1,0
BRDA:389,31,0,0
BRDA:400,32,0,0
BRDA:420,33,0,0
BRDA:420,34,0,0
BRDA:420,34,1,0
BRDA:421,35,0,0
BRDA:421,35,1,0
BRDA:421,35,2,0
BRDA:422,36,0,0
BRDA:422,36,1,0
BRDA:424,37,0,0
BRDA:436,38,0,0
BRDA:448,39,0,0
BRDA:448,39,1,0
BRDA:449,40,0,0
BRDA:449,40,1,0
BRDA:450,41,0,0
BRDA:450,41,1,0
BRDA:455,42,0,0
BRDA:471,43,0,0
BRDA:471,43,1,0
BRDA:523,44,0,0
BRDA:523,44,1,0
BRDA:536,45,0,0
BRDA:546,46,0,0
BRDA:546,47,0,0
BRDA:546,47,1,0
BRDA:554,48,0,0
BRDA:554,49,0,0
BRDA:554,49,1,0
BRDA:556,50,0,0
BRDA:568,51,0,0
BRDA:571,52,0,0
BRDA:571,52,1,0
BRDA:586,53,0,0
BRDA:586,54,0,0
BRDA:586,54,1,0
BRDA:587,55,0,0
BRDA:587,55,1,0
BRDA:589,56,0,0
BRDA:602,57,0,0
BRDA:610,58,0,0
BRDA:610,59,0,0
BRDA:610,59,1,0
BRDA:614,60,0,0
BRDA:634,61,0,0
BRDA:634,61,1,0
BRDA:647,62,0,0
BRDA:657,63,0,0
BRDA:673,64,0,0
BRDA:691,65,0,0
BRDA:691,65,1,0
BRDA:710,66,0,0
BRDA:721,67,0,0
BRDA:738,68,0,0
BRDA:738,68,1,0
BRDA:743,69,0,0
BRDA:754,70,0,0
BRDA:754,70,1,0
BRDA:767,71,0,0
BRDA:767,71,1,0
BRDA:780,72,0,0
BRDA:791,73,0,0
BRDA:815,74,0,0
BRDA:815,74,1,0
BRDA:836,75,0,0
BRDA:849,76,0,0
BRDA:873,77,0,0
BRDA:902,78,0,0
BRDA:902,78,1,0
BRDA:920,79,0,0
BRDA:930,80,0,0
BRDA:938,81,0,0
BRDA:938,81,1,0
BRDA:941,82,0,0
BRDA:941,82,1,0
BRDA:943,83,0,0
BRDA:943,83,1,0
BRDA:952,84,0,0
BRDA:975,85,0,0
BRDA:975,85,1,0
BRDA:1013,86,0,0
BRDA:1013,86,1,0
BRDA:1032,87,0,0
BRDA:1032,87,1,0
BRDA:1041,88,0,0
BRDA:1041,88,1,0
BRDA:1041,89,0,0
BRDA:1041,89,1,0
BRDA:1042,90,0,0
BRDA:1042,90,1,0
BRDA:1042,91,0,0
BRDA:1042,91,1,0
BRDA:1071,92,0,0
BRDA:1071,92,1,0
BRDA:1080,93,0,0
BRDA:1080,93,1,0
BRDA:1082,94,0,0
BRDA:1099,95,0,0
BRDA:1100,96,0,0
BRDA:1100,96,1,0
BRDA:1101,97,0,0
BRDA:1101,97,1,0
BRDA:1114,98,0,0
BRDA:1114,98,1,0
BRDA:1125,99,0,0
BRF:152
BRH:0
end_of_record
TN:
SF:src/routes/payments.ts
FN:48,(anonymous_1)
FN:78,(anonymous_2)
FN:127,(anonymous_3)
FN:150,(anonymous_4)
FN:165,(anonymous_5)
FN:179,(anonymous_6)
FN:192,(anonymous_7)
FN:215,(anonymous_8)
FN:244,(anonymous_9)
FN:277,(anonymous_10)
FN:312,(anonymous_11)
FN:328,(anonymous_12)
FNF:12
FNH:0
FNDA:0,(anonymous_1)
FNDA:0,(anonymous_2)
FNDA:0,(anonymous_3)
FNDA:0,(anonymous_4)
FNDA:0,(anonymous_5)
FNDA:0,(anonymous_6)
FNDA:0,(anonymous_7)
FNDA:0,(anonymous_8)
FNDA:0,(anonymous_9)
FNDA:0,(anonymous_10)
FNDA:0,(anonymous_11)
FNDA:0,(anonymous_12)
DA:1,0
DA:2,0
DA:3,0
DA:4,0
DA:5,0
DA:6,0
DA:7,0
DA:8,0
DA:9,0
DA:10,0
DA:12,0
DA:15,0
DA:16,0
DA:17,0
DA:18,0
DA:19,0
DA:22,0
DA:23,0
DA:27,0
DA:30,0
DA:31,0
DA:36,0
DA:39,0
DA:40,0
DA:44,0
DA:48,0
DA:49,0
DA:50,0
DA:51,0
DA:53,0
DA:61,0
DA:79,0
DA:93,0
DA:95,0
DA:109,0
DA:111,0
DA:120,0
DA:128,0
DA:129,0
DA:130,0
DA:131,0
DA:133,0
DA:142,0
DA:151,0
DA:152,0
DA:153,0
DA:154,0
DA:156,0
DA:165,0
DA:166,0
DA:167,0
DA:168,0
DA:169,0
DA:171,0
DA:172,0
DA:179,0
DA:180,0
DA:181,0
DA:182,0
DA:184,0
DA:185,0
DA:192,0
DA:193,0
DA:194,0
DA:195,0
DA:196,0
DA:198,0
DA:199,0
DA:207,0
DA:216,0
DA:217,0
DA:218,0
DA:223,0
DA:225,0
DA:234,0
DA:245,0
DA:246,0
DA:247,0
DA:254,0
DA:256,0
DA:265,0
DA:278,0
DA:287,0
DA:289,0
DA:299,0
DA:301,0
DA:310,0
DA:313,0
DA:314,0
DA:315,0
DA:317,0
DA:326,0
DA:329,0
DA:330,0
DA:331,0
DA:333,0
DA:341,0
LF:97
LH:0
BRDA:22,0,0,0
BRDA:22,1,0,0
BRDA:22,1,1,0
BRDA:30,2,0,0
BRDA:30,3,0,0
BRDA:30,3,1,0
BRDA:39,4,0,0
BRDA:39,5,0,0
BRDA:39,5,1,0
BRDA:55,6,0,0
BRDA:55,6,1,0
BRDA:104,7,0,0
BRDA:104,7,1,0
BRDA:113,8,0,0
BRDA:113,8,1,0
BRDA:135,9,0,0
BRDA:135,9,1,0
BRDA:158,10,0,0
BRDA:158,10,1,0
BRDA:174,11,0,0
BRDA:174,11,1,0
BRDA:187,12,0,0
BRDA:187,12,1,0
BRDA:201,13,0,0
BRDA:201,13,1,0
BRDA:220,14,0,0
BRDA:220,14,1,0
BRDA:221,15,0,0
BRDA:221,15,1,0
BRDA:227,16,0,0
BRDA:227,16,1,0
BRDA:258,17,0,0
BRDA:258,17,1,0
BRDA:303,18,0,0
BRDA:303,18,1,0
BRDA:319,19,0,0
BRDA:319,19,1,0
BRDA:335,20,0,0
BRDA:335,20,1,0
BRF:39
BRH:0
end_of_record
TN:
SF:src/routes/projects.ts
FN:21,(anonymous_0)
FN:94,(anonymous_1)
FN:113,(anonymous_2)
FN:115,(anonymous_3)
FN:122,(anonymous_4)
FN:123,(anonymous_5)
FN:155,(anonymous_6)
FN:206,(anonymous_7)
FN:243,(anonymous_8)
FN:244,(anonymous_9)
FN:254,(anonymous_10)
FN:255,(anonymous_11)
FN:256,(anonymous_12)
FN:271,(anonymous_13)
FN:275,(anonymous_14)
FN:276,(anonymous_15)
FN:276,(anonymous_16)
FN:280,(anonymous_17)
FN:300,(anonymous_18)
FN:393,(anonymous_19)
FN:422,(anonymous_20)
FN:488,(anonymous_21)
FN:527,(anonymous_22)
FN:535,(anonymous_23)
FN:553,(anonymous_24)
FN:554,(anonymous_25)
FN:555,(anonymous_26)
FN:568,(anonymous_27)
FN:569,(anonymous_28)
FN:570,(anonymous_29)
FN:572,(anonymous_30)
FN:592,(anonymous_31)
FN:630,(anonymous_32)
FNF:33
FNH:0
FNDA:0,(anonymous_0)
FNDA:0,(anonymous_1)
FNDA:0,(anonymous_2)
FNDA:0,(anonymous_3)
FNDA:0,(anonymous_4)
FNDA:0,(anonymous_5)
FNDA:0,(anonymous_6)
FNDA:0,(anonymous_7)
FNDA:0,(anonymous_8)
FNDA:0,(anonymous_9)
FNDA:0,(anonymous_10)
FNDA:0,(anonymous_11)
FNDA:0,(anonymous_12)
FNDA:0,(anonymous_13)
FNDA:0,(anonymous_14)
FNDA:0,(anonymous_15)
FNDA:0,(anonymous_16)
FNDA:0,(anonymous_17)
FNDA:0,(anonymous_18)
FNDA:0,(anonymous_19)
FNDA:0,(anonymous_20)
FNDA:0,(anonymous_21)
FNDA:0,(anonymous_22)
FNDA:0,(anonymous_23)
FNDA:0,(anonymous_24)
FNDA:0,(anonymous_25)
FNDA:0,(anonymous_26)
FNDA:0,(anonymous_27)
FNDA:0,(anonymous_28)
FNDA:0,(anonymous_29)
FNDA:0,(anonymous_30)
FNDA:0,(anonymous_31)
FNDA:0,(anonymous_32)
DA:1,0
DA:2,0
DA:3,0
DA:4,0
DA:5,0
DA:6,0
DA:7,0
DA:8,0
DA:9,0
DA:11,0
DA:12,0
DA:15,0
DA:21,0
DA:22,0
DA:32,0
DA:35,0
DA:37,0
DA:38,0
DA:41,0
DA:42,0
DA:45,0
DA:46,0
DA:49,0
DA:50,0
DA:54,0
DA:56,0
DA:60,0
DA:61,0
DA:64,0
DA:77,0
DA:80,0
DA:89,0
DA:90,0
DA:93,0
DA:95,0
DA:98,0
DA:103,0
DA:108,0
DA:113,0
DA:114,0
DA:115,0
DA:119,0
DA:122,0
DA:123,0
DA:130,0
DA:140,0
DA:141,0
DA:152,0
DA:156,0
DA:157,0
DA:167,0
DA:171,0
DA:172,0
DA:179,0
DA:182,0
DA:184,0
DA:186,0
DA:191,0
DA:192,0
DA:203,0
DA:207,0
DA:208,0
DA:211,0
DA:215,0
DA:216,0
DA:222,0
DA:225,0
DA:243,0
DA:244,0
DA:246,0
DA:247,0
DA:250,0
DA:253,0
DA:254,0
DA:255,0
DA:256,0
DA:259,0
DA:271,0
DA:275,0
DA:276,0
DA:280,0
DA:284,0
DA:285,0
DA:296,0
DA:301,0
DA:302,0
DA:305,0
DA:309,0
DA:310,0
DA:316,0
DA:319,0
DA:320,0
DA:324,0
DA:325,0
DA:333,0
DA:340,0
DA:343,0
DA:345,0
DA:346,0
DA:353,0
DA:354,0
DA:362,0
DA:363,0
DA:370,0
DA:372,0
DA:377,0
DA:378,0
DA:389,0
DA:394,0
DA:395,0
DA:398,0
DA:402,0
DA:403,0
DA:409,0
DA:412,0
DA:422,0
DA:423,0
DA:424,0
DA:434,0
DA:439,0
DA:440,0
DA:447,0
DA:451,0
DA:452,0
DA:458,0
DA:460,0
DA:473,0
DA:474,0
DA:485,0
DA:489,0
DA:490,0
DA:491,0
DA:494,0
DA:498,0
DA:499,0
DA:506,0
DA:510,0
DA:511,0
DA:514,0
DA:515,0
DA:519,0
DA:526,0
DA:528,0
DA:531,0
DA:535,0
DA:536,0
DA:537,0
DA:539,0
DA:552,0
DA:553,0
DA:554,0
DA:555,0
DA:558,0
DA:568,0
DA:569,0
DA:570,0
DA:572,0
DA:576,0
DA:577,0
DA:588,0
DA:593,0
DA:594,0
DA:597,0
DA:601,0
DA:602,0
DA:608,0
DA:619,0
DA:622,0
DA:625,0
DA:629,0
DA:630,0
DA:632,0
DA:637,0
DA:639,0
DA:644,0
DA:645,0
DA:652,0
LF:177
LH:0
BRDA:24,0,0,0
BRDA:25,1,0,0
BRDA:30,2,0,0
BRDA:31,3,0,0
BRDA:37,4,0,0
BRDA:41,5,0,0
BRDA:45,6,0,0
BRDA:49,7,0,0
BRDA:54,8,0,0
BRDA:60,9,0,0
BRDA:60,9,1,0
BRDA:160,10,0,0
BRDA:160,10,1,0
BRDA:161,11,0,0
BRDA:161,11,1,0
BRDA:162,12,0,0
BRDA:162,12,1,0
BRDA:171,13,0,0
BRDA:194,14,0,0
BRDA:194,14,1,0
BRDA:215,15,0,0
BRDA:262,16,0,0
BRDA:262,16,1,0
BRDA:309,17,0,0
BRDA:319,18,0,0
BRDA:319,19,0,0
BRDA:319,19,1,0
BRDA:324,20,0,0
BRDA:345,21,0,0
BRDA:353,22,0,0
BRDA:353,23,0,0
BRDA:353,23,1,0
BRDA:380,24,0,0
BRDA:380,24,1,0
BRDA:402,25,0,0
BRDA:423,26,0,0
BRDA:439,27,0,0
BRDA:491,28,0,0
BRDA:491,29,0,0
BRDA:498,30,0,0
BRDA:510,31,0,0
BRDA:514,32,0,0
BRDA:601,33,0,0
BRDA:612,34,0,0
BRDA:612,34,1,0
BRDA:613,35,0,0
BRDA:613,35,1,0
BRDA:615,36,0,0
BRDA:615,36,1,0
BRDA:647,37,0,0
BRDA:647,37,1,0
BRF:51
BRH:0
end_of_record
TN:
SF:src/routes/tasks.ts
FN:25,(anonymous_0)
FN:75,(anonymous_1)
FN:116,(anonymous_2)
FN:140,(anonymous_3)
FN:178,(anonymous_4)
FNF:5
FNH:0
FNDA:0,(anonymous_0)
FNDA:0,(anonymous_1)
FNDA:0,(anonymous_2)
FNDA:0,(anonymous_3)
FNDA:0,(anonymous_4)
DA:1,0
DA:2,0
DA:3,0
DA:4,0
DA:5,0
DA:6,0
DA:8,0
DA:9,0
DA:11,0
DA:12,0
DA:13,0
DA:16,0
DA:22,0
DA:26,0
DA:27,0
DA:30,0
DA:34,0
DA:35,0
DA:41,0
DA:44,0
DA:51,0
DA:54,0
DA:56,0
DA:57,0
DA:64,0
DA:65,0
DA:69,0
DA:73,0
DA:74,0
DA:75,0
DA:77,0
DA:84,0
DA:85,0
DA:86,0
DA:88,0
DA:94,0
DA:96,0
DA:101,0
DA:102,0
DA:113,0
DA:117,0
DA:118,0
DA:121,0
DA:125,0
DA:126,0
DA:132,0
DA:135,0
DA:140,0
DA:141,0
DA:142,0
DA:153,0
DA:155,0
DA:156,0
DA:163,0
DA:164,0
DA:168,0
DA:172,0
DA:176,0
DA:177,0
DA:178,0
DA:180,0
DA:186,0
DA:188,0
DA:196,0
DA:197,0
DA:204,0
LF:66
LH:0
BRDA:34,0,0,0
BRDA:56,1,0,0
BRDA:64,2,0,0
BRDA:64,3,0,0
BRDA:64,3,1,0
BRDA:73,4,0,0
BRDA:84,5,0,0
BRDA:104,6,0,0
BRDA:104,6,1,0
BRDA:125,7,0,0
BRDA:141,8,0,0
BRDA:155,9,0,0
BRDA:176,10,0,0
BRF:13
BRH:0
end_of_record
TN:
SF:src/routes/time-entries.ts
FN:24,(anonymous_0)
FN:109,(anonymous_1)
FN:137,(anonymous_2)
FN:191,(anonymous_3)
FN:234,(anonymous_4)
FN:261,(anonymous_5)
FN:262,(anonymous_6)
FN:263,(anonymous_7)
FN:292,(anonymous_8)
FN:380,(anonymous_9)
FN:412,(anonymous_10)
FN:479,(anonymous_11)
FNF:12
FNH:0
FNDA:0,(anonymous_0)
FNDA:0,(anonymous_1)
FNDA:0,(anonymous_2)
FNDA:0,(anonymous_3)
FNDA:0,(anonymous_4)
FNDA:0,(anonymous_5)
FNDA:0,(anonymous_6)
FNDA:0,(anonymous_7)
FNDA:0,(anonymous_8)
FNDA:0,(anonymous_9)
FNDA:0,(anonymous_10)
FNDA:0,(anonymous_11)
DA:1,0
DA:2,0
DA:3,0
DA:4,0
DA:5,0
DA:6,0
DA:7,0
DA:9,0
DA:11,0
DA:12,0
DA:15,0
DA:21,0
DA:25,0
DA:26,0
DA:29,0
DA:38,0
DA:39,0
DA:45,0
DA:46,0
DA:53,0
DA:54,0
DA:60,0
DA:75,0
DA:78,0
DA:79,0
DA:86,0
DA:89,0
DA:90,0
DA:92,0
DA:99,0
DA:103,0
DA:107,0
DA:108,0
DA:109,0
DA:113,0
DA:118,0
DA:120,0
DA:125,0
DA:126,0
DA:137,0
DA:138,0
DA:150,0
DA:153,0
DA:155,0
DA:156,0
DA:159,0
DA:160,0
DA:163,0
DA:164,0
DA:167,0
DA:168,0
DA:171,0
DA:172,0
DA:175,0
DA:176,0
DA:180,0
DA:182,0
DA:186,0
DA:187,0
DA:191,0
DA:192,0
DA:193,0
DA:210,0
DA:211,0
DA:217,0
DA:220,0
DA:229,0
DA:230,0
DA:233,0
DA:235,0
DA:238,0
DA:247,0
DA:260,0
DA:261,0
DA:262,0
DA:263,0
DA:266,0
DA:277,0
DA:278,0
DA:289,0
DA:293,0
DA:294,0
DA:297,0
DA:301,0
DA:302,0
DA:308,0
DA:311,0
DA:312,0
DA:319,0
DA:326,0
DA:329,0
DA:330,0
DA:337,0
DA:339,0
DA:340,0
DA:347,0
DA:348,0
DA:352,0
DA:353,0
DA:354,0
DA:355,0
DA:357,0
DA:365,0
DA:369,0
DA:373,0
DA:377,0
DA:378,0
DA:379,0
DA:380,0
DA:384,0
DA:390,0
DA:392,0
DA:397,0
DA:398,0
DA:409,0
DA:413,0
DA:414,0
DA:417,0
DA:421,0
DA:422,0
DA:428,0
DA:431,0
DA:432,0
DA:439,0
DA:441,0
DA:442,0
DA:449,0
DA:453,0
DA:454,0
DA:455,0
DA:457,0
DA:464,0
DA:468,0
DA:472,0
DA:476,0
DA:477,0
DA:478,0
DA:479,0
DA:483,0
DA:489,0
DA:491,0
DA:495,0
DA:496,0
DA:503,0
LF:144
LH:0
BRDA:26,0,0,0
BRDA:38,1,0,0
BRDA:45,2,0,0
BRDA:53,3,0,0
BRDA:70,4,0,0
BRDA:70,4,1,0
BRDA:70,4,2,0
BRDA:78,5,0,0
BRDA:128,6,0,0
BRDA:128,6,1,0
BRDA:140,7,0,0
BRDA:141,8,0,0
BRDA:148,9,0,0
BRDA:149,10,0,0
BRDA:155,11,0,0
BRDA:159,12,0,0
BRDA:163,13,0,0
BRDA:167,14,0,0
BRDA:171,15,0,0
BRDA:175,16,0,0
BRDA:180,17,0,0
BRDA:186,18,0,0
BRDA:192,19,0,0
BRDA:210,20,0,0
BRDA:249,21,0,0
BRDA:249,21,1,0
BRDA:250,22,0,0
BRDA:250,22,1,0
BRDA:301,23,0,0
BRDA:311,24,0,0
BRDA:329,25,0,0
BRDA:339,26,0,0
BRDA:347,27,0,0
BRDA:347,28,0,0
BRDA:347,28,1,0
BRDA:352,29,0,0
BRDA:377,30,0,0
BRDA:400,31,0,0
BRDA:400,31,1,0
BRDA:421,32,0,0
BRDA:431,33,0,0
BRDA:441,34,0,0
BRDA:453,35,0,0
BRDA:476,36,0,0
BRF:44
BRH:0
end_of_record
TN:
SF:src/scripts/init-sheets.ts
FN:164,initializeSheets
FN:212,seedSampleData
FN:268,backupData
FN:305,restoreData
FN:351,clearSheetData
FN:365,validateSheets
FN:395,(anonymous_15)
FN:434,(anonymous_16)
FN:457,checkDataIntegrity
FN:485,(anonymous_18)
FN:486,(anonymous_19)
FN:493,(anonymous_20)
FN:494,(anonymous_21)
FN:501,(anonymous_22)
FN:511,(anonymous_23)
FN:512,(anonymous_24)
FN:522,(anonymous_25)
FN:532,(anonymous_26)
FN:533,(anonymous_27)
FN:533,(anonymous_28)
FN:548,(anonymous_29)
FN:554,(anonymous_30)
FN:562,(anonymous_31)
FNF:23
FNH:0
FNDA:0,initializeSheets
FNDA:0,seedSampleData
FNDA:0,backupData
FNDA:0,restoreData
FNDA:0,clearSheetData
FNDA:0,validateSheets
FNDA:0,(anonymous_15)
FNDA:0,(anonymous_16)
FNDA:0,checkDataIntegrity
FNDA:0,(anonymous_18)
FNDA:0,(anonymous_19)
FNDA:0,(anonymous_20)
FNDA:0,(anonymous_21)
FNDA:0,(anonymous_22)
FNDA:0,(anonymous_23)
FNDA:0,(anonymous_24)
FNDA:0,(anonymous_25)
FNDA:0,(anonymous_26)
FNDA:0,(anonymous_27)
FNDA:0,(anonymous_28)
FNDA:0,(anonymous_29)
FNDA:0,(anonymous_30)
FNDA:0,(anonymous_31)
DA:3,0
DA:4,0
DA:5,0
DA:20,0
DA:23,0
DA:53,0
DA:72,0
DA:105,0
DA:128,0
DA:145,0
DA:165,0
DA:166,0
DA:169,0
DA:170,0
DA:172,0
DA:173,0
DA:176,0
DA:177,0
DA:182,0
DA:183,0
DA:185,0
DA:189,0
DA:192,0
DA:193,0
DA:194,0
DA:197,0
DA:198,0
DA:199,0
DA:200,0
DA:203,0
DA:204,0
DA:207,0
DA:208,0
DA:213,0
DA:215,0
DA:216,0
DA:219,0
DA:220,0
DA:221,0
DA:224,0
DA:225,0
DA:228,0
DA:229,0
DA:230,0
DA:232,0
DA:233,0
DA:235,0
DA:236,0
DA:238,0
DA:239,0
DA:242,0
DA:243,0
DA:246,0
DA:247,0
DA:250,0
DA:251,0
DA:253,0
DA:254,0
DA:256,0
DA:257,0
DA:259,0
DA:262,0
DA:263,0
DA:269,0
DA:270,0
DA:272,0
DA:273,0
DA:275,0
DA:276,0
DA:279,0
DA:280,0
DA:281,0
DA:284,0
DA:286,0
DA:287,0
DA:288,0
DA:292,0
DA:293,0
DA:294,0
DA:296,0
DA:299,0
DA:300,0
DA:306,0
DA:307,0
DA:309,0
DA:310,0
DA:312,0
DA:313,0
DA:317,0
DA:318,0
DA:319,0
DA:323,0
DA:324,0
DA:327,0
DA:329,0
DA:330,0
DA:331,0
DA:334,0
DA:337,0
DA:338,0
DA:342,0
DA:345,0
DA:346,0
DA:352,0
DA:353,0
DA:356,0
DA:357,0
DA:360,0
DA:366,0
DA:367,0
DA:369,0
DA:370,0
DA:372,0
DA:373,0
DA:376,0
DA:377,0
DA:378,0
DA:387,0
DA:390,0
DA:391,0
DA:395,0
DA:397,0
DA:398,0
DA:399,0
DA:400,0
DA:404,0
DA:405,0
DA:410,0
DA:411,0
DA:414,0
DA:415,0
DA:416,0
DA:421,0
DA:422,0
DA:423,0
DA:428,0
DA:432,0
DA:433,0
DA:434,0
DA:435,0
DA:437,0
DA:440,0
DA:441,0
DA:442,0
DA:443,0
DA:445,0
DA:451,0
DA:452,0
DA:458,0
DA:459,0
DA:461,0
DA:462,0
DA:464,0
DA:465,0
DA:468,0
DA:469,0
DA:472,0
DA:482,0
DA:485,0
DA:486,0
DA:487,0
DA:488,0
DA:493,0
DA:494,0
DA:495,0
DA:496,0
DA:501,0
DA:502,0
DA:503,0
DA:505,0
DA:506,0
DA:511,0
DA:512,0
DA:513,0
DA:514,0
DA:516,0
DA:517,0
DA:522,0
DA:523,0
DA:524,0
DA:529,0
DA:532,0
DA:533,0
DA:534,0
DA:535,0
DA:536,0
DA:540,0
DA:541,0
DA:542,0
DA:543,0
DA:544,0
DA:545,0
DA:548,0
DA:549,0
DA:550,0
DA:554,0
DA:555,0
DA:556,0
DA:560,0
DA:561,0
DA:562,0
DA:563,0
DA:565,0
DA:569,0
DA:570,0
DA:575,0
DA:576,0
DA:578,0
DA:580,0
DA:581,0
DA:583,0
DA:584,0
DA:586,0
DA:587,0
DA:588,0
DA:589,0
DA:591,0
DA:592,0
DA:594,0
DA:595,0
DA:597,0
DA:598,0
DA:600,0
DA:618,0
LF:224
LH:0
BRDA:172,0,0,0
BRDA:176,1,0,0
BRDA:197,2,0,0
BRDA:275,3,0,0
BRDA:275,4,0,0
BRDA:275,4,1,0
BRDA:312,5,0,0
BRDA:312,6,0,0
BRDA:312,6,1,0
BRDA:318,7,0,0
BRDA:330,8,0,0
BRDA:330,9,0,0
BRDA:330,9,1,0
BRDA:372,10,0,0
BRDA:372,11,0,0
BRDA:372,11,1,0
BRDA:395,12,0,0
BRDA:395,12,1,0
BRDA:398,13,0,0
BRDA:410,14,0,0
BRDA:410,14,1,0
BRDA:415,15,0,0
BRDA:422,16,0,0
BRDA:432,17,0,0
BRDA:432,17,1,0
BRDA:464,18,0,0
BRDA:464,19,0,0
BRDA:464,19,1,0
BRDA:487,20,0,0
BRDA:487,21,0,0
BRDA:487,21,1,0
BRDA:495,22,0,0
BRDA:495,23,0,0
BRDA:495,23,1,0
BRDA:502,24,0,0
BRDA:502,25,0,0
BRDA:502,25,1,0
BRDA:505,26,0,0
BRDA:505,27,0,0
BRDA:505,27,1,0
BRDA:513,28,0,0
BRDA:513,29,0,0
BRDA:513,29,1,0
BRDA:516,30,0,0
BRDA:516,31,0,0
BRDA:516,31,1,0
BRDA:523,32,0,0
BRDA:523,33,0,0
BRDA:523,33,1,0
BRDA:535,34,0,0
BRDA:549,35,0,0
BRDA:549,36,0,0
BRDA:549,36,1,0
BRDA:555,37,0,0
BRDA:555,38,0,0
BRDA:555,38,1,0
BRDA:560,39,0,0
BRDA:560,39,1,0
BRDA:578,40,0,0
BRDA:578,40,1,0
BRDA:578,40,2,0
BRDA:578,40,3,0
BRDA:578,40,4,0
BRDA:578,40,5,0
BRDA:586,41,0,0
BRF:65
BRH:0
end_of_record
TN:
SF:src/services/automation.ts
FN:104,(anonymous_0)
FN:110,(anonymous_1)
FN:117,(anonymous_2)
FN:163,(anonymous_3)
FN:179,(anonymous_4)
FN:186,(anonymous_5)
FN:195,(anonymous_6)
FN:226,(anonymous_7)
FN:232,(anonymous_8)
FN:246,(anonymous_9)
FN:277,(anonymous_10)
FN:283,(anonymous_11)
FN:297,(anonymous_12)
FN:329,(anonymous_13)
FN:335,(anonymous_14)
FN:349,(anonymous_15)
FN:384,(anonymous_16)
FN:395,(anonymous_17)
FN:413,(anonymous_18)
FN:442,(anonymous_19)
FN:467,(anonymous_20)
FN:494,(anonymous_21)
FN:520,(anonymous_22)
FN:583,(anonymous_23)
FN:622,(anonymous_24)
FN:641,(anonymous_25)
FN:671,(anonymous_26)
FN:736,(anonymous_27)
FN:764,(anonymous_28)
FN:765,(anonymous_29)
FN:769,(anonymous_30)
FN:776,(anonymous_31)
FN:777,(anonymous_32)
FN:784,(anonymous_33)
FN:788,(anonymous_34)
FN:790,(anonymous_35)
FN:797,(anonymous_36)
FN:798,(anonymous_37)
FN:808,(anonymous_38)
FN:809,(anonymous_39)
FN:819,(anonymous_40)
FN:828,(anonymous_41)
FN:838,(anonymous_42)
FN:840,(anonymous_43)
FN:846,(anonymous_44)
FN:852,(anonymous_45)
FN:858,(anonymous_46)
FN:866,(anonymous_47)
FN:879,(anonymous_48)
FN:908,(anonymous_49)
FN:911,(anonymous_50)
FN:940,(anonymous_51)
FN:972,(anonymous_52)
FN:1005,(anonymous_53)
FN:1043,(anonymous_54)
FN:1079,(anonymous_55)
FN:1131,(anonymous_56)
FN:1171,(anonymous_57)
FN:1209,(anonymous_58)
FN:1212,(anonymous_59)
FN:1230,(anonymous_60)
FN:1254,(anonymous_61)
FN:1278,(anonymous_62)
FN:1338,(anonymous_63)
FN:1369,(anonymous_64)
FN:1404,(anonymous_65)
FN:1445,(anonymous_66)
FN:1501,(anonymous_67)
FN:1508,(anonymous_68)
FN:1517,(anonymous_69)
FN:1523,(anonymous_70)
FN:1532,(anonymous_71)
FN:1552,(anonymous_72)
FN:1558,(anonymous_73)
FN:1567,(anonymous_74)
FN:1578,(anonymous_75)
FN:1585,(anonymous_76)
FN:1592,(anonymous_77)
FN:1602,(anonymous_78)
FN:1608,(anonymous_79)
FNF:80
FNH:0
FNDA:0,(anonymous_0)
FNDA:0,(anonymous_1)
FNDA:0,(anonymous_2)
FNDA:0,(anonymous_3)
FNDA:0,(anonymous_4)
FNDA:0,(anonymous_5)
FNDA:0,(anonymous_6)
FNDA:0,(anonymous_7)
FNDA:0,(anonymous_8)
FNDA:0,(anonymous_9)
FNDA:0,(anonymous_10)
FNDA:0,(anonymous_11)
FNDA:0,(anonymous_12)
FNDA:0,(anonymous_13)
FNDA:0,(anonymous_14)
FNDA:0,(anonymous_15)
FNDA:0,(anonymous_16)
FNDA:0,(anonymous_17)
FNDA:0,(anonymous_18)
FNDA:0,(anonymous_19)
FNDA:0,(anonymous_20)
FNDA:0,(anonymous_21)
FNDA:0,(anonymous_22)
FNDA:0,(anonymous_23)
FNDA:0,(anonymous_24)
FNDA:0,(anonymous_25)
FNDA:0,(anonymous_26)
FNDA:0,(anonymous_27)
FNDA:0,(anonymous_28)
FNDA:0,(anonymous_29)
FNDA:0,(anonymous_30)
FNDA:0,(anonymous_31)
FNDA:0,(anonymous_32)
FNDA:0,(anonymous_33)
FNDA:0,(anonymous_34)
FNDA:0,(anonymous_35)
FNDA:0,(anonymous_36)
FNDA:0,(anonymous_37)
FNDA:0,(anonymous_38)
FNDA:0,(anonymous_39)
FNDA:0,(anonymous_40)
FNDA:0,(anonymous_41)
FNDA:0,(anonymous_42)
FNDA:0,(anonymous_43)
FNDA:0,(anonymous_44)
FNDA:0,(anonymous_45)
FNDA:0,(anonymous_46)
FNDA:0,(anonymous_47)
FNDA:0,(anonymous_48)
FNDA:0,(anonymous_49)
FNDA:0,(anonymous_50)
FNDA:0,(anonymous_51)
FNDA:0,(anonymous_52)
FNDA:0,(anonymous_53)
FNDA:0,(anonymous_54)
FNDA:0,(anonymous_55)
FNDA:0,(anonymous_56)
FNDA:0,(anonymous_57)
FNDA:0,(anonymous_58)
FNDA:0,(anonymous_59)
FNDA:0,(anonymous_60)
FNDA:0,(anonymous_61)
FNDA:0,(anonymous_62)
FNDA:0,(anonymous_63)
FNDA:0,(anonymous_64)
FNDA:0,(anonymous_65)
FNDA:0,(anonymous_66)
FNDA:0,(anonymous_67)
FNDA:0,(anonymous_68)
FNDA:0,(anonymous_69)
FNDA:0,(anonymous_70)
FNDA:0,(anonymous_71)
FNDA:0,(anonymous_72)
FNDA:0,(anonymous_73)
FNDA:0,(anonymous_74)
FNDA:0,(anonymous_75)
FNDA:0,(anonymous_76)
FNDA:0,(anonymous_77)
FNDA:0,(anonymous_78)
FNDA:0,(anonymous_79)
DA:1,0
DA:2,0
DA:12,0
DA:98,0
DA:101,0
DA:102,0
DA:105,0
DA:106,0
DA:107,0
DA:111,0
DA:112,0
DA:114,0
DA:118,0
DA:120,0
DA:144,0
DA:145,0
DA:146,0
DA:148,0
DA:154,0
DA:155,0
DA:158,0
DA:164,0
DA:166,0
DA:167,0
DA:170,0
DA:173,0
DA:175,0
DA:180,0
DA:182,0
DA:183,0
DA:186,0
DA:187,0
DA:189,0
DA:191,0
DA:199,0
DA:200,0
DA:201,0
DA:202,0
DA:205,0
DA:206,0
DA:209,0
DA:211,0
DA:213,0
DA:214,0
DA:223,0
DA:226,0
DA:227,0
DA:231,0
DA:232,0
DA:236,0
DA:238,0
DA:241,0
DA:250,0
DA:251,0
DA:252,0
DA:253,0
DA:256,0
DA:257,0
DA:260,0
DA:262,0
DA:264,0
DA:265,0
DA:274,0
DA:277,0
DA:278,0
DA:282,0
DA:283,0
DA:287,0
DA:289,0
DA:292,0
DA:301,0
DA:302,0
DA:303,0
DA:304,0
DA:307,0
DA:308,0
DA:311,0
DA:312,0
DA:314,0
DA:316,0
DA:317,0
DA:326,0
DA:329,0
DA:330,0
DA:334,0
DA:335,0
DA:339,0
DA:341,0
DA:344,0
DA:355,0
DA:356,0
DA:366,0
DA:368,0
DA:374,0
DA:376,0
DA:379,0
DA:389,0
DA:391,0
DA:395,0
DA:396,0
DA:397,0
DA:400,0
DA:401,0
DA:404,0
DA:405,0
DA:414,0
DA:415,0
DA:416,0
DA:418,0
DA:421,0
DA:429,0
DA:431,0
DA:435,0
DA:447,0
DA:448,0
DA:455,0
DA:460,0
DA:472,0
DA:473,0
DA:481,0
DA:483,0
DA:487,0
DA:495,0
DA:496,0
DA:497,0
DA:499,0
DA:501,0
DA:509,0
DA:513,0
DA:524,0
DA:528,0
DA:545,0
DA:549,0
DA:550,0
DA:562,0
DA:565,0
DA:568,0
DA:573,0
DA:575,0
DA:578,0
DA:589,0
DA:590,0
DA:595,0
DA:596,0
DA:599,0
DA:600,0
DA:601,0
DA:603,0
DA:605,0
DA:607,0
DA:609,0
DA:611,0
DA:613,0
DA:616,0
DA:617,0
DA:623,0
DA:624,0
DA:631,0
DA:632,0
DA:634,0
DA:637,0
DA:642,0
DA:643,0
DA:645,0
DA:646,0
DA:648,0
DA:649,0
DA:651,0
DA:652,0
DA:655,0
DA:657,0
DA:658,0
DA:661,0
DA:663,0
DA:666,0
DA:680,0
DA:681,0
DA:682,0
DA:683,0
DA:684,0
DA:686,0
DA:687,0
DA:689,0
DA:690,0
DA:692,0
DA:698,0
DA:699,0
DA:702,0
DA:704,0
DA:705,0
DA:707,0
DA:708,0
DA:710,0
DA:711,0
DA:713,0
DA:714,0
DA:716,0
DA:717,0
DA:721,0
DA:726,0
DA:728,0
DA:731,0
DA:748,0
DA:749,0
DA:756,0
DA:763,0
DA:764,0
DA:765,0
DA:766,0
DA:769,0
DA:770,0
DA:771,0
DA:774,0
DA:775,0
DA:777,0
DA:778,0
DA:784,0
DA:788,0
DA:789,0
DA:791,0
DA:792,0
DA:793,0
DA:797,0
DA:798,0
DA:800,0
DA:808,0
DA:809,0
DA:813,0
DA:814,0
DA:820,0
DA:821,0
DA:825,0
DA:826,0
DA:827,0
DA:828,0
DA:829,0
DA:834,0
DA:840,0
DA:841,0
DA:842,0
DA:846,0
DA:847,0
DA:848,0
DA:852,0
DA:853,0
DA:854,0
DA:863,0
DA:865,0
DA:866,0
DA:867,0
DA:868,0
DA:869,0
DA:871,0
DA:875,0
DA:883,0
DA:886,0
DA:887,0
DA:888,0
DA:889,0
DA:893,0
DA:894,0
DA:895,0
DA:896,0
DA:900,0
DA:901,0
DA:902,0
DA:903,0
DA:904,0
DA:908,0
DA:915,0
DA:917,0
DA:920,0
DA:921,0
DA:923,0
DA:924,0
DA:926,0
DA:927,0
DA:930,0
DA:931,0
DA:933,0
DA:934,0
DA:937,0
DA:944,0
DA:945,0
DA:946,0
DA:948,0
DA:949,0
DA:950,0
DA:952,0
DA:959,0
DA:961,0
DA:966,0
DA:976,0
DA:977,0
DA:978,0
DA:980,0
DA:981,0
DA:982,0
DA:984,0
DA:992,0
DA:994,0
DA:999,0
DA:1009,0
DA:1010,0
DA:1011,0
DA:1013,0
DA:1014,0
DA:1015,0
DA:1016,0
DA:1017,0
DA:1019,0
DA:1029,0
DA:1030,0
DA:1032,0
DA:1037,0
DA:1049,0
DA:1050,0
DA:1051,0
DA:1053,0
DA:1055,0
DA:1056,0
DA:1058,0
DA:1066,0
DA:1068,0
DA:1073,0
DA:1084,0
DA:1085,0
DA:1093,0
DA:1094,0
DA:1097,0
DA:1099,0
DA:1100,0
DA:1105,0
DA:1109,0
DA:1111,0
DA:1112,0
DA:1113,0
DA:1114,0
DA:1116,0
DA:1120,0
DA:1127,0
DA:1137,0
DA:1138,0
DA:1140,0
DA:1142,0
DA:1143,0
DA:1145,0
DA:1146,0
DA:1148,0
DA:1149,0
DA:1151,0
DA:1152,0
DA:1154,0
DA:1155,0
DA:1157,0
DA:1158,0
DA:1160,0
DA:1161,0
DA:1163,0
DA:1164,0
DA:1168,0
DA:1176,0
DA:1178,0
DA:1179,0
DA:1181,0
DA:1182,0
DA:1184,0
DA:1188,0
DA:1190,0
DA:1193,0
DA:1196,0
DA:1199,0
DA:1201,0
DA:1202,0
DA:1204,0
DA:1205,0
DA:1210,0
DA:1211,0
DA:1212,0
DA:1214,0
DA:1215,0
DA:1220,0
DA:1226,0
DA:1231,0
DA:1232,0
DA:1238,0
DA:1239,0
DA:1244,0
DA:1245,0
DA:1246,0
DA:1250,0
DA:1255,0
DA:1256,0
DA:1261,0
DA:1263,0
DA:1264,0
DA:1265,0
DA:1266,0
DA:1270,0
DA:1274,0
DA:1279,0
DA:1280,0
DA:1281,0
DA:1284,0
DA:1291,0
DA:1293,0
DA:1299,0
DA:1300,0
DA:1310,0
DA:1317,0
DA:1318,0
DA:1324,0
DA:1325,0
DA:1334,0
DA:1339,0
DA:1340,0
DA:1341,0
DA:1343,0
DA:1350,0
DA:1351,0
DA:1355,0
DA:1361,0
DA:1362,0
DA:1365,0
DA:1370,0
DA:1371,0
DA:1377,0
DA:1379,0
DA:1381,0
DA:1382,0
DA:1384,0
DA:1385,0
DA:1387,0
DA:1388,0
DA:1390,0
DA:1391,0
DA:1392,0
DA:1395,0
DA:1400,0
DA:1405,0
DA:1406,0
DA:1408,0
DA:1409,0
DA:1436,0
DA:1437,0
DA:1441,0
DA:1446,0
DA:1447,0
DA:1449,0
DA:1450,0
DA:1491,0
DA:1492,0
DA:1496,0
DA:1502,0
DA:1504,0
DA:1505,0
DA:1508,0
DA:1510,0
DA:1512,0
DA:1513,0
DA:1518,0
DA:1520,0
DA:1523,0
DA:1525,0
DA:1527,0
DA:1528,0
DA:1533,0
DA:1535,0
DA:1538,0
DA:1545,0
DA:1547,0
DA:1548,0
DA:1553,0
DA:1555,0
DA:1558,0
DA:1560,0
DA:1562,0
DA:1563,0
DA:1568,0
DA:1570,0
DA:1571,0
DA:1572,0
DA:1575,0
DA:1579,0
DA:1580,0
DA:1581,0
DA:1582,0
DA:1586,0
DA:1587,0
DA:1588,0
DA:1589,0
DA:1593,0
DA:1594,0
DA:1596,0
DA:1597,0
DA:1599,0
DA:1603,0
DA:1604,0
DA:1605,0
DA:1614,0
DA:1615,0
DA:1624,0
LF:502
LH:0
BRDA:111,0,0,0
BRDA:164,1,0,0
BRDA:180,2,0,0
BRDA:201,3,0,0
BRDA:239,4,0,0
BRDA:239,4,1,0
BRDA:252,5,0,0
BRDA:290,6,0,0
BRDA:290,6,1,0
BRDA:303,7,0,0
BRDA:342,8,0,0
BRDA:342,8,1,0
BRDA:377,9,0,0
BRDA:377,9,1,0
BRDA:407,10,0,0
BRDA:407,10,1,0
BRDA:416,11,0,0
BRDA:436,12,0,0
BRDA:436,12,1,0
BRDA:461,13,0,0
BRDA:461,13,1,0
BRDA:488,14,0,0
BRDA:488,14,1,0
BRDA:497,15,0,0
BRDA:514,16,0,0
BRDA:514,16,1,0
BRDA:531,17,0,0
BRDA:531,17,1,0
BRDA:532,18,0,0
BRDA:532,18,1,0
BRDA:533,19,0,0
BRDA:533,19,1,0
BRDA:534,20,0,0
BRDA:534,20,1,0
BRDA:535,21,0,0
BRDA:535,21,1,0
BRDA:538,22,0,0
BRDA:538,22,1,0
BRDA:539,23,0,0
BRDA:539,23,1,0
BRDA:549,24,0,0
BRDA:551,25,0,0
BRDA:551,25,1,0
BRDA:555,26,0,0
BRDA:555,26,1,0
BRDA:556,27,0,0
BRDA:556,27,1,0
BRDA:557,28,0,0
BRDA:557,28,1,0
BRDA:559,29,0,0
BRDA:559,29,1,0
BRDA:576,30,0,0
BRDA:576,30,1,0
BRDA:595,31,0,0
BRDA:601,32,0,0
BRDA:601,32,1,0
BRDA:603,33,0,0
BRDA:603,33,1,0
BRDA:603,33,2,0
BRDA:603,33,3,0
BRDA:603,33,4,0
BRDA:605,34,0,0
BRDA:605,34,1,0
BRDA:635,35,0,0
BRDA:635,35,1,0
BRDA:645,36,0,0
BRDA:648,37,0,0
BRDA:651,38,0,0
BRDA:657,39,0,0
BRDA:664,40,0,0
BRDA:664,40,1,0
BRDA:682,41,0,0
BRDA:682,41,1,0
BRDA:686,42,0,0
BRDA:686,42,1,0
BRDA:687,43,0,0
BRDA:687,43,1,0
BRDA:690,44,0,0
BRDA:690,45,0,0
BRDA:690,45,1,0
BRDA:702,46,0,0
BRDA:702,46,1,0
BRDA:702,46,2,0
BRDA:702,46,3,0
BRDA:702,46,4,0
BRDA:729,47,0,0
BRDA:729,47,1,0
BRDA:766,48,0,0
BRDA:766,48,1,0
BRDA:770,49,0,0
BRDA:770,49,1,0
BRDA:780,50,0,0
BRDA:780,50,1,0
BRDA:788,51,0,0
BRDA:788,51,1,0
BRDA:789,52,0,0
BRDA:789,52,1,0
BRDA:797,53,0,0
BRDA:797,53,1,0
BRDA:797,53,2,0
BRDA:827,54,0,0
BRDA:841,55,0,0
BRDA:847,56,0,0
BRDA:853,57,0,0
BRDA:865,58,0,0
BRDA:886,59,0,0
BRDA:893,60,0,0
BRDA:900,61,0,0
BRDA:917,62,0,0
BRDA:917,62,1,0
BRDA:917,62,2,0
BRDA:920,63,0,0
BRDA:930,64,0,0
BRDA:946,65,0,0
BRDA:967,66,0,0
BRDA:967,66,1,0
BRDA:978,67,0,0
BRDA:1000,68,0,0
BRDA:1000,68,1,0
BRDA:1011,69,0,0
BRDA:1029,70,0,0
BRDA:1029,70,1,0
BRDA:1038,71,0,0
BRDA:1038,71,1,0
BRDA:1053,72,0,0
BRDA:1053,73,0,0
BRDA:1053,73,1,0
BRDA:1063,74,0,0
BRDA:1063,74,1,0
BRDA:1074,75,0,0
BRDA:1074,75,1,0
BRDA:1099,76,0,0
BRDA:1140,77,0,0
BRDA:1140,77,1,0
BRDA:1140,77,2,0
BRDA:1140,77,3,0
BRDA:1140,77,4,0
BRDA:1140,77,5,0
BRDA:1140,77,6,0
BRDA:1140,77,7,0
BRDA:1142,78,0,0
BRDA:1145,79,0,0
BRDA:1148,80,0,0
BRDA:1151,81,0,0
BRDA:1154,82,0,0
BRDA:1157,83,0,0
BRDA:1160,84,0,0
BRDA:1163,85,0,0
BRDA:1163,86,0,0
BRDA:1163,86,1,0
BRDA:1176,87,0,0
BRDA:1176,87,1,0
BRDA:1176,87,2,0
BRDA:1176,87,3,0
BRDA:1176,87,4,0
BRDA:1176,87,5,0
BRDA:1176,87,6,0
BRDA:1176,87,7,0
BRDA:1186,88,0,0
BRDA:1186,88,1,0
BRDA:1214,89,0,0
BRDA:1214,90,0,0
BRDA:1214,90,1,0
BRDA:1244,91,0,0
BRDA:1265,92,0,0
BRDA:1299,93,0,0
BRDA:1324,94,0,0
BRDA:1329,95,0,0
BRDA:1329,95,1,0
BRDA:1379,96,0,0
BRDA:1379,96,1,0
BRDA:1379,96,2,0
BRDA:1379,96,3,0
BRDA:1408,97,0,0
BRDA:1449,98,0,0
BRDA:1594,99,0,0
BRDA:1594,99,1,0
BRF:177
BRH:0
end_of_record
TN:
SF:src/services/drive.service.ts
FN:26,(anonymous_1)
FN:39,(anonymous_2)
FN:60,(anonymous_3)
FN:102,(anonymous_4)
FN:116,(anonymous_5)
FN:130,(anonymous_6)
FN:141,(anonymous_7)
FN:161,(anonymous_8)
FN:183,(anonymous_9)
FN:192,(anonymous_10)
FN:214,(anonymous_11)
FN:232,(anonymous_12)
FN:233,(anonymous_13)
FN:237,(anonymous_14)
FN:238,(anonymous_15)
FN:241,(anonymous_16)
FN:249,(anonymous_17)
FN:266,(anonymous_18)
FN:278,(anonymous_19)
FN:292,(anonymous_20)
FN:310,(anonymous_21)
FN:333,(anonymous_22)
FN:337,(anonymous_23)
FN:341,(anonymous_24)
FNF:24
FNH:0
FNDA:0,(anonymous_1)
FNDA:0,(anonymous_2)
FNDA:0,(anonymous_3)
FNDA:0,(anonymous_4)
FNDA:0,(anonymous_5)
FNDA:0,(anonymous_6)
FNDA:0,(anonymous_7)
FNDA:0,(anonymous_8)
FNDA:0,(anonymous_9)
FNDA:0,(anonymous_10)
FNDA:0,(anonymous_11)
FNDA:0,(anonymous_12)
FNDA:0,(anonymous_13)
FNDA:0,(anonymous_14)
FNDA:0,(anonymous_15)
FNDA:0,(anonymous_16)
FNDA:0,(anonymous_17)
FNDA:0,(anonymous_18)
FNDA:0,(anonymous_19)
FNDA:0,(anonymous_20)
FNDA:0,(anonymous_21)
FNDA:0,(anonymous_22)
FNDA:0,(anonymous_23)
FNDA:0,(anonymous_24)
DA:1,0
DA:2,0
DA:3,0
DA:4,0
DA:22,0
DA:27,0
DA:35,0
DA:36,0
DA:40,0
DA:42,0
DA:51,0
DA:52,0
DA:55,0
DA:56,0
DA:64,0
DA:65,0
DA:70,0
DA:76,0
DA:83,0
DA:91,0
DA:97,0
DA:98,0
DA:103,0
DA:104,0
DA:109,0
DA:111,0
DA:112,0
DA:117,0
DA:118,0
DA:123,0
DA:125,0
DA:126,0
DA:131,0
DA:132,0
DA:136,0
DA:137,0
DA:142,0
DA:143,0
DA:149,0
DA:154,0
DA:156,0
DA:157,0
DA:162,0
DA:164,0
DA:166,0
DA:171,0
DA:172,0
DA:176,0
DA:178,0
DA:179,0
DA:184,0
DA:185,0
DA:187,0
DA:188,0
DA:191,0
DA:192,0
DA:193,0
DA:196,0
DA:197,0
DA:200,0
DA:207,0
DA:209,0
DA:210,0
DA:215,0
DA:216,0
DA:217,0
DA:220,0
DA:225,0
DA:227,0
DA:228,0
DA:233,0
DA:234,0
DA:235,0
DA:237,0
DA:238,0
DA:239,0
DA:241,0
DA:242,0
DA:245,0
DA:250,0
DA:251,0
DA:261,0
DA:262,0
DA:267,0
DA:268,0
DA:273,0
DA:274,0
DA:279,0
DA:280,0
DA:285,0
DA:287,0
DA:288,0
DA:293,0
DA:294,0
DA:303,0
DA:305,0
DA:306,0
DA:311,0
DA:313,0
DA:318,0
DA:321,0
DA:328,0
DA:329,0
DA:334,0
DA:338,0
DA:342,0
DA:346,0
LF:107
LH:0
BRDA:36,0,0,0
BRDA:36,0,1,0
BRDA:72,1,0,0
BRDA:72,1,1,0
BRDA:94,2,0,0
BRDA:94,2,1,0
BRDA:146,3,0,0
BRDA:146,3,1,0
BRDA:164,4,0,0
BRDA:164,4,1,0
BRDA:171,5,0,0
BRDA:171,6,0,0
BRDA:171,6,1,0
BRDA:187,7,0,0
BRDA:191,8,0,0
BRDA:191,9,0,0
BRDA:191,9,1,0
BRDA:196,10,0,0
BRDA:202,11,0,0
BRDA:202,11,1,0
BRDA:207,12,0,0
BRDA:207,12,1,0
BRDA:216,13,0,0
BRDA:249,14,0,0
BRDA:285,15,0,0
BRDA:285,15,1,0
BRDA:298,16,0,0
BRDA:298,16,1,0
BRF:28
BRH:0
end_of_record
TN:
SF:src/services/file.service.ts
FN:15,(anonymous_1)
FN:23,(anonymous_2)
FN:34,(anonymous_3)
FN:115,(anonymous_4)
FN:131,(anonymous_5)
FN:182,(anonymous_6)
FN:185,(anonymous_7)
FN:216,(anonymous_8)
FN:221,(anonymous_9)
FN:224,(anonymous_10)
FN:229,(anonymous_11)
FN:233,(anonymous_12)
FN:237,(anonymous_13)
FN:241,(anonymous_14)
FN:245,(anonymous_15)
FN:249,(anonymous_16)
FN:250,(anonymous_17)
FN:255,(anonymous_18)
FN:259,(anonymous_19)
FN:263,(anonymous_20)
FN:267,(anonymous_21)
FN:271,(anonymous_22)
FN:275,(anonymous_23)
FN:279,(anonymous_24)
FN:286,(anonymous_25)
FN:312,(anonymous_26)
FN:337,(anonymous_27)
FN:362,(anonymous_28)
FN:386,(anonymous_29)
FN:412,(anonymous_30)
FN:442,(anonymous_31)
FN:445,(anonymous_32)
FN:452,(anonymous_33)
FN:492,(anonymous_34)
FN:496,(anonymous_35)
FN:497,(anonymous_36)
FN:504,(anonymous_37)
FN:508,(anonymous_38)
FN:534,(anonymous_39)
FN:537,(anonymous_40)
FN:538,(anonymous_41)
FN:545,(anonymous_42)
FN:548,(anonymous_43)
FN:549,(anonymous_44)
FN:556,(anonymous_45)
FN:568,(anonymous_46)
FN:573,(anonymous_47)
FN:583,(anonymous_48)
FN:589,(anonymous_49)
FN:595,(anonymous_50)
FNF:50
FNH:0
FNDA:0,(anonymous_1)
FNDA:0,(anonymous_2)
FNDA:0,(anonymous_3)
FNDA:0,(anonymous_4)
FNDA:0,(anonymous_5)
FNDA:0,(anonymous_6)
FNDA:0,(anonymous_7)
FNDA:0,(anonymous_8)
FNDA:0,(anonymous_9)
FNDA:0,(anonymous_10)
FNDA:0,(anonymous_11)
FNDA:0,(anonymous_12)
FNDA:0,(anonymous_13)
FNDA:0,(anonymous_14)
FNDA:0,(anonymous_15)
FNDA:0,(anonymous_16)
FNDA:0,(anonymous_17)
FNDA:0,(anonymous_18)
FNDA:0,(anonymous_19)
FNDA:0,(anonymous_20)
FNDA:0,(anonymous_21)
FNDA:0,(anonymous_22)
FNDA:0,(anonymous_23)
FNDA:0,(anonymous_24)
FNDA:0,(anonymous_25)
FNDA:0,(anonymous_26)
FNDA:0,(anonymous_27)
FNDA:0,(anonymous_28)
FNDA:0,(anonymous_29)
FNDA:0,(anonymous_30)
FNDA:0,(anonymous_31)
FNDA:0,(anonymous_32)
FNDA:0,(anonymous_33)
FNDA:0,(anonymous_34)
FNDA:0,(anonymous_35)
FNDA:0,(anonymous_36)
FNDA:0,(anonymous_37)
FNDA:0,(anonymous_38)
[...]
BRDA:604,57,0,0
BRDA:615,58,0,0
BRDA:615,58,1,0
BRDA:619,59,0,0
BRDA:626,60,0,0
BRDA:647,61,0,0
BRDA:679,62,0,0
BRDA:682,63,0,0
BRDA:695,64,0,0
BRDA:699,65,0,0
BRDA:699,65,1,0
BRDA:727,66,0,0
BRDA:734,67,0,0
BRDA:734,67,1,0
BRDA:734,67,2,0
BRDA:734,67,3,0
BRDA:734,67,4,0
BRDA:734,67,5,0
BRDA:736,68,0,0
BRDA:736,69,0,0
BRDA:736,69,1,0
BRDA:739,70,0,0
BRDA:739,71,0,0
BRDA:739,71,1,0
BRDA:742,72,0,0
BRDA:742,73,0,0
BRDA:742,73,1,0
BRDA:742,73,2,0
BRDA:748,74,0,0
BRDA:748,75,0,0
BRDA:748,75,1,0
BRDA:751,76,0,0
BRDA:751,77,0,0
BRDA:751,77,1,0
BRDA:754,78,0,0
BRDA:754,79,0,0
BRDA:754,79,1,0
BRDA:754,79,2,0
BRDA:760,80,0,0
BRDA:760,81,0,0
BRDA:760,81,1,0
BRDA:763,82,0,0
BRDA:763,83,0,0
BRDA:763,83,1,0
BRDA:768,84,0,0
BRDA:768,85,0,0
BRDA:768,85,1,0
BRDA:774,86,0,0
BRDA:774,87,0,0
BRDA:774,87,1,0
BRDA:777,88,0,0
BRDA:777,89,0,0
BRDA:777,89,1,0
BRDA:780,90,0,0
BRDA:780,91,0,0
BRDA:780,91,1,0
BRDA:780,91,2,0
BRDA:786,92,0,0
BRDA:786,93,0,0
BRDA:786,93,1,0
BRDA:789,94,0,0
BRDA:789,95,0,0
BRDA:789,95,1,0
BRDA:792,96,0,0
BRDA:792,97,0,0
BRDA:792,97,1,0
BRDA:792,97,2,0
BRDA:798,98,0,0
BRDA:798,99,0,0
BRDA:798,99,1,0
BRDA:801,100,0,0
BRDA:801,101,0,0
BRDA:801,101,1,0
BRDA:801,101,2,0
BRDA:804,102,0,0
BRDA:804,103,0,0
BRDA:804,103,1,0
BRDA:830,104,0,0
BRDA:830,104,1,0
BRDA:831,105,0,0
BRDA:831,105,1,0
BRDA:842,106,0,0
BRDA:845,107,0,0
BRDA:845,108,0,0
BRDA:845,108,1,0
BRDA:848,109,0,0
BRDA:856,110,0,0
BRDA:857,111,0,0
BRDA:867,112,0,0
BRDA:867,113,0,0
BRDA:867,113,1,0
BRF:191
BRH:0
end_of_record
TN:
SF:src/services/stripe.service.ts
FN:9,(anonymous_1)
FN:16,(anonymous_2)
FN:68,(anonymous_3)
FN:131,(anonymous_4)
FN:165,(anonymous_5)
FN:198,(anonymous_6)
FN:228,(anonymous_7)
FNF:7
FNH:0
FNDA:0,(anonymous_1)
FNDA:0,(anonymous_2)
FNDA:0,(anonymous_3)
FNDA:0,(anonymous_4)
FNDA:0,(anonymous_5)
FNDA:0,(anonymous_6)
FNDA:0,(anonymous_7)
DA:1,0
DA:4,0
DA:5,0
DA:10,0
DA:13,0
DA:17,0
DA:18,0
DA:57,0
DA:64,0
DA:69,0
DA:70,0
DA:75,0
DA:76,0
DA:78,0
DA:81,0
DA:83,0
DA:84,0
DA:95,0
DA:96,0
DA:105,0
DA:106,0
DA:116,0
DA:117,0
DA:127,0
DA:132,0
DA:135,0
DA:136,0
DA:139,0
DA:140,0
DA:144,0
DA:149,0
DA:150,0
DA:158,0
DA:159,0
DA:161,0
DA:166,0
DA:168,0
DA:173,0
DA:174,0
DA:177,0
DA:178,0
DA:179,0
DA:182,0
DA:187,0
DA:194,0
DA:201,0
DA:203,0
DA:204,0
DA:206,0
DA:207,0
DA:209,0
DA:210,0
DA:212,0
DA:215,0
DA:231,0
DA:233,0
DA:234,0
DA:236,0
DA:237,0
DA:239,0
DA:240,0
DA:244,0
DA:245,0
DA:247,0
DA:250,0
LF:65
LH:0
BRDA:44,0,0,0
BRDA:44,0,1,0
BRDA:52,1,0,0
BRDA:52,1,1,0
BRDA:64,2,0,0
BRDA:64,2,1,0
BRDA:69,3,0,0
BRDA:78,4,0,0
BRDA:78,4,1,0
BRDA:81,5,0,0
BRDA:81,5,1,0
BRDA:81,5,2,0
BRDA:81,5,3,0
BRDA:81,5,4,0
BRDA:88,6,0,0
BRDA:88,6,1,0
BRDA:89,7,0,0
BRDA:89,7,1,0
BRDA:90,8,0,0
BRDA:90,8,1,0
BRDA:100,9,0,0
BRDA:100,9,1,0
BRDA:111,10,0,0
BRDA:111,10,1,0
BRDA:149,11,0,0
BRDA:161,12,0,0
BRDA:161,12,1,0
BRDA:173,13,0,0
BRDA:178,14,0,0
BRDA:184,15,0,0
BRDA:184,15,1,0
BRDA:189,16,0,0
BRDA:189,16,1,0
BRDA:191,17,0,0
BRDA:191,17,1,0
BRDA:194,18,0,0
BRDA:194,18,1,0
BRDA:201,19,0,0
BRDA:201,19,1,0
BRDA:201,19,2,0
BRDA:201,19,3,0
BRDA:218,20,0,0
BRDA:218,20,1,0
BRDA:219,21,0,0
BRDA:219,21,1,0
BRDA:220,22,0,0
BRDA:220,22,1,0
BRDA:223,23,0,0
BRDA:223,23,1,0
BRDA:224,24,0,0
BRDA:224,24,1,0
BRDA:231,25,0,0
BRDA:231,25,1,0
BRDA:231,25,2,0
BRDA:231,25,3,0
BRDA:231,25,4,0
BRDA:231,25,5,0
BRDA:231,25,6,0
BRDA:255,26,0,0
BRDA:255,26,1,0
BRDA:258,27,0,0
BRDA:258,27,1,0
BRDA:259,28,0,0
BRDA:259,28,1,0
BRF:64
BRH:0
end_of_record
TN:
SF:src/types/index.ts
FN:2,(anonymous_0)
FN:8,(anonymous_1)
FN:14,(anonymous_2)
FN:20,(anonymous_3)
FN:28,(anonymous_4)
FN:36,(anonymous_5)
FNF:6
FNH:0
FNDA:0,(anonymous_0)
FNDA:0,(anonymous_1)
FNDA:0,(anonymous_2)
FNDA:0,(anonymous_3)
FNDA:0,(anonymous_4)
FNDA:0,(anonymous_5)
DA:2,0
DA:3,0
DA:4,0
DA:5,0
DA:8,0
DA:9,0
DA:10,0
DA:11,0
DA:14,0
DA:15,0
DA:16,0
DA:17,0
DA:20,0
DA:21,0
DA:22,0
DA:23,0
DA:24,0
DA:25,0
DA:28,0
DA:29,0
DA:30,0
DA:31,0
DA:32,0
DA:33,0
DA:36,0
DA:37,0
DA:38,0
DA:39,0
DA:40,0
DA:41,0
DA:42,0
DA:43,0
LF:32
LH:0
BRDA:2,0,0,0
BRDA:2,0,1,0
BRDA:8,1,0,0
BRDA:8,1,1,0
BRDA:14,2,0,0
BRDA:14,2,1,0
BRDA:20,3,0,0
BRDA:20,3,1,0
BRDA:28,4,0,0
BRDA:28,4,1,0
BRDA:36,5,0,0
BRDA:36,5,1,0
BRF:12
BRH:0
end_of_record
TN:
SF:src/utils/gst-utils.ts
FN:46,calculateGST
FN:99,validateGSTIN
FN:115,validateGSTINCheckDigit
FN:132,generateGSTReport
FN:143,generateGSTR1Report
FN:145,(anonymous_5)
FN:146,(anonymous_6)
FN:179,generateGSTR3BReport
FN:180,(anonymous_8)
FN:181,(anonymous_9)
FN:183,(anonymous_10)
FN:184,(anonymous_11)
FN:186,(anonymous_12)
FN:187,(anonymous_13)
FN:213,generateHSNSummary
FN:216,(anonymous_15)
FN:217,(anonymous_16)
FN:245,getStateCode
FNF:18
FNH:0
FNDA:0,calculateGST
FNDA:0,validateGSTIN
FNDA:0,validateGSTINCheckDigit
FNDA:0,generateGSTReport
FNDA:0,generateGSTR1Report
FNDA:0,(anonymous_5)
FNDA:0,(anonymous_6)
FNDA:0,generateGSTR3BReport
FNDA:0,(anonymous_8)
FNDA:0,(anonymous_9)
FNDA:0,(anonymous_10)
FNDA:0,(anonymous_11)
FNDA:0,(anonymous_12)
FNDA:0,(anonymous_13)
FNDA:0,generateHSNSummary
FNDA:0,(anonymous_15)
FNDA:0,(anonymous_16)
FNDA:0,getStateCode
DA:25,0
DA:33,0
DA:40,0
DA:46,0
DA:47,0
DA:49,0
DA:50,0
DA:52,0
DA:53,0
DA:54,0
DA:57,0
DA:58,0
DA:60,0
DA:61,0
DA:64,0
DA:68,0
DA:71,0
DA:80,0
DA:81,0
DA:82,0
DA:83,0
DA:87,0
DA:88,0
DA:89,0
DA:91,0
DA:92,0
DA:93,0
DA:96,0
DA:99,0
DA:100,0
DA:101,0
DA:105,0
DA:107,0
DA:108,0
DA:112,0
DA:116,0
DA:117,0
DA:119,0
DA:120,0
DA:121,0
DA:122,0
DA:123,0
DA:126,0
DA:127,0
DA:129,0
DA:132,0
DA:133,0
DA:135,0
DA:137,0
DA:139,0
DA:144,0
DA:145,0
DA:146,0
DA:167,0
DA:169,0
DA:180,0
DA:181,0
DA:183,0
DA:184,0
DA:186,0
DA:187,0
DA:189,0
DA:214,0
DA:216,0
DA:217,0
DA:218,0
DA:219,0
DA:220,0
DA:235,0
DA:236,0
DA:237,0
DA:238,0
DA:242,0
DA:246,0
DA:256,0
LF:75
LH:0
BRDA:47,0,0,0
BRDA:49,1,0,0
BRDA:49,1,1,0
BRDA:57,2,0,0
BRDA:57,2,1,0
BRDA:57,3,0,0
BRDA:57,3,1,0
BRDA:58,4,0,0
BRDA:58,4,1,0
BRDA:80,5,0,0
BRDA:80,6,0,0
BRDA:80,6,1,0
BRDA:80,6,2,0
BRDA:87,7,0,0
BRDA:87,8,0,0
BRDA:87,8,1,0
BRDA:88,9,0,0
BRDA:88,9,1,0
BRDA:100,10,0,0
BRDA:100,11,0,0
BRDA:100,11,1,0
BRDA:107,12,0,0
BRDA:133,13,0,0
BRDA:133,13,1,0
BRDA:133,13,2,0
BRDA:153,14,0,0
BRDA:153,14,1,0
BRDA:159,15,0,0
BRDA:159,15,1,0
BRDA:160,16,0,0
BRDA:160,16,1,0
BRDA:161,17,0,0
BRDA:161,17,1,0
BRDA:218,18,0,0
BRDA:218,18,1,0
BRDA:218,18,2,0
BRDA:219,19,0,0
BRDA:236,20,0,0
BRDA:236,20,1,0
BRDA:256,21,0,0
BRDA:256,21,1,0
BRF:41
BRH:0
end_of_record
TN:
SF:src/utils/mockData.ts
FN:62,(anonymous_0)
FN:66,(anonymous_1)
FN:70,(anonymous_2)
FN:75,(anonymous_3)
FN:83,(anonymous_4)
FN:85,(anonymous_5)
FN:96,(anonymous_6)
FN:115,(anonymous_7)
FN:127,(anonymous_8)
FN:128,(anonymous_9)
FN:132,(anonymous_10)
FN:161,(anonymous_11)
FN:162,(anonymous_12)
FN:169,(anonymous_13)
FN:195,(anonymous_14)
FN:196,(anonymous_15)
FN:203,(anonymous_16)
FN:226,(anonymous_17)
FN:227,(anonymous_18)
FN:235,(anonymous_19)
FN:262,(anonymous_20)
FN:263,(anonymous_21)
FN:270,(anonymous_22)
FN:276,(anonymous_23)
FN:296,(anonymous_24)
FN:323,(anonymous_25)
FN:325,(anonymous_26)
FN:360,(anonymous_27)
FN:361,(anonymous_28)
FN:369,(anonymous_29)
FN:388,(anonymous_30)
FN:392,(anonymous_31)
FN:396,(anonymous_32)
FNF:33
FNH:0
FNDA:0,(anonymous_0)
FNDA:0,(anonymous_1)
FNDA:0,(anonymous_2)
FNDA:0,(anonymous_3)
FNDA:0,(anonymous_4)
FNDA:0,(anonymous_5)
FNDA:0,(anonymous_6)
FNDA:0,(anonymous_7)
FNDA:0,(anonymous_8)
FNDA:0,(anonymous_9)
FNDA:0,(anonymous_10)
FNDA:0,(anonymous_11)
FNDA:0,(anonymous_12)
FNDA:0,(anonymous_13)
FNDA:0,(anonymous_14)
FNDA:0,(anonymous_15)
FNDA:0,(anonymous_16)
FNDA:0,(anonymous_17)
FNDA:0,(anonymous_18)
FNDA:0,(anonymous_19)
FNDA:0,(anonymous_20)
FNDA:0,(anonymous_21)
FNDA:0,(anonymous_22)
FNDA:0,(anonymous_23)
FNDA:0,(anonymous_24)
FNDA:0,(anonymous_25)
FNDA:0,(anonymous_26)
FNDA:0,(anonymous_27)
FNDA:0,(anonymous_28)
FNDA:0,(anonymous_29)
FNDA:0,(anonymous_30)
FNDA:0,(anonymous_31)
FNDA:0,(anonymous_32)
DA:1,0
DA:17,0
DA:20,0
DA:21,0
DA:26,0
DA:31,0
DA:36,0
DA:40,0
DA:44,0
DA:48,0
DA:54,0
DA:63,0
DA:67,0
DA:71,0
DA:72,0
DA:76,0
DA:77,0
DA:78,0
DA:79,0
DA:80,0
DA:84,0
DA:85,0
DA:88,0
DA:89,0
DA:90,0
DA:92,0
DA:97,0
DA:98,0
DA:99,0
DA:100,0
DA:101,0
DA:102,0
DA:104,0
DA:115,0
DA:128,0
DA:133,0
DA:134,0
DA:135,0
DA:137,0
DA:162,0
DA:163,0
DA:164,0
DA:170,0
DA:171,0
DA:173,0
DA:196,0
DA:197,0
DA:198,0
DA:204,0
DA:205,0
DA:207,0
DA:227,0
DA:228,0
DA:229,0
DA:230,0
DA:236,0
DA:237,0
DA:239,0
DA:263,0
DA:264,0
DA:265,0
DA:271,0
DA:276,0
DA:277,0
DA:278,0
DA:279,0
DA:280,0
DA:281,0
DA:283,0
DA:297,0
DA:298,0
DA:299,0
DA:309,0
DA:310,0
DA:311,0
DA:324,0
DA:325,0
DA:326,0
DA:327,0
DA:328,0
DA:329,0
DA:331,0
DA:361,0
DA:362,0
DA:363,0
DA:364,0
DA:384,0
DA:387,0
DA:388,0
DA:391,0
DA:392,0
DA:395,0
DA:396,0
DA:399,0
DA:402,0
DA:405,0
DA:407,0
LF:97
LH:0
BRDA:70,0,0,0
BRDA:75,1,0,0
BRDA:75,2,0,0
BRDA:96,3,0,0
BRDA:114,4,0,0
BRDA:114,4,1,0
BRDA:132,5,0,0
BRDA:140,6,0,0
BRDA:140,6,1,0
BRDA:145,7,0,0
BRDA:145,7,1,0
BRDA:151,8,0,0
BRDA:151,8,1,0
BRDA:163,9,0,0
BRDA:163,9,1,0
BRDA:169,10,0,0
BRDA:171,11,0,0
BRDA:171,11,1,0
BRDA:175,12,0,0
BRDA:175,12,1,0
BRDA:184,13,0,0
BRDA:184,13,1,0
BRDA:185,14,0,0
BRDA:185,14,1,0
BRDA:186,15,0,0
BRDA:186,15,1,0
BRDA:197,16,0,0
BRDA:197,16,1,0
BRDA:203,17,0,0
BRDA:209,18,0,0
BRDA:209,18,1,0
BRDA:210,19,0,0
BRDA:210,19,1,0
BRDA:214,20,0,0
BRDA:214,20,1,0
BRDA:215,21,0,0
BRDA:215,21,1,0
BRDA:217,22,0,0
BRDA:217,22,1,0
BRDA:218,23,0,0
BRDA:218,23,1,0
BRDA:219,24,0,0
BRDA:219,24,1,0
BRDA:228,25,0,0
BRDA:228,25,1,0
BRDA:229,26,0,0
BRDA:229,26,1,0
BRDA:235,27,0,0
BRDA:237,28,0,0
BRDA:237,28,1,0
BRDA:241,29,0,0
BRDA:241,29,1,0
BRDA:247,30,0,0
BRDA:247,30,1,0
BRDA:248,31,0,0
BRDA:248,31,1,0
BRDA:250,32,0,0
BRDA:250,32,1,0
BRDA:251,33,0,0
BRDA:251,33,1,0
BRDA:254,34,0,0
BRDA:254,34,1,0
BRDA:255,35,0,0
BRDA:255,35,1,0
BRDA:264,36,0,0
BRDA:264,36,1,0
BRDA:270,37,0,0
BRDA:291,38,0,0
BRDA:291,38,1,0
BRDA:296,39,0,0
BRDA:297,40,0,0
BRDA:297,40,1,0
BRDA:323,41,0,0
BRDA:334,42,0,0
BRDA:334,42,1,0
BRDA:335,43,0,0
BRDA:335,43,1,0
BRDA:335,44,0,0
BRDA:335,44,1,0
BRDA:345,45,0,0
BRDA:345,45,1,0
BRDA:348,46,0,0
BRDA:348,46,1,0
BRDA:350,47,0,0
BRDA:350,47,1,0
BRDA:351,48,0,0
BRDA:351,48,1,0
BRDA:352,49,0,0
BRDA:352,49,1,0
BRDA:353,50,0,0
BRDA:353,50,1,0
BRDA:362,51,0,0
BRDA:362,51,1,0
BRDA:363,52,0,0
BRDA:363,52,1,0
BRDA:369,53,0,0
BRDA:378,54,0,0
BRDA:379,55,0,0
BRDA:380,56,0,0
BRDA:381,57,0,0
BRDA:382,58,0,0
BRDA:383,59,0,0
BRF:102
BRH:0
end_of_record
TN:
SF:src/utils/security.ts
FN:14,(anonymous_1)
FN:26,(anonymous_2)
FN:37,(anonymous_3)
FN:44,(anonymous_4)
FN:59,(anonymous_5)
FN:74,(anonymous_6)
FN:82,(anonymous_7)
FN:117,(anonymous_8)
FN:124,(anonymous_9)
FN:132,(anonymous_10)
FN:143,(anonymous_11)
FN:154,(anonymous_12)
FN:166,(anonymous_13)
FN:173,(anonymous_14)
FN:180,(anonymous_15)
FN:192,(anonymous_16)
FN:200,(anonymous_17)
FN:208,(anonymous_18)
FN:215,(anonymous_19)
FNF:19
FNH:0
FNDA:0,(anonymous_1)
FNDA:0,(anonymous_2)
FNDA:0,(anonymous_3)
FNDA:0,(anonymous_4)
FNDA:0,(anonymous_5)
FNDA:0,(anonymous_6)
FNDA:0,(anonymous_7)
FNDA:0,(anonymous_8)
FNDA:0,(anonymous_9)
FNDA:0,(anonymous_10)
FNDA:0,(anonymous_11)
FNDA:0,(anonymous_12)
FNDA:0,(anonymous_13)
FNDA:0,(anonymous_14)
FNDA:0,(anonymous_15)
FNDA:0,(anonymous_16)
FNDA:0,(anonymous_17)
FNDA:0,(anonymous_18)
FNDA:0,(anonymous_19)
DA:1,0
DA:2,0
DA:7,0
DA:8,0
DA:9,0
DA:15,0
DA:16,0
DA:17,0
DA:19,0
DA:27,0
DA:28,0
DA:30,0
DA:38,0
DA:45,0
DA:46,0
DA:48,0
DA:49,0
DA:50,0
DA:53,0
DA:60,0
DA:61,0
DA:64,0
DA:75,0
DA:76,0
DA:86,0
DA:88,0
DA:89,0
DA:92,0
DA:93,0
DA:96,0
DA:97,0
DA:100,0
DA:101,0
DA:104,0
DA:105,0
DA:108,0
DA:118,0
DA:125,0
DA:126,0
DA:133,0
DA:134,0
DA:135,0
DA:136,0
DA:137,0
DA:144,0
DA:145,0
DA:146,0
DA:147,0
DA:148,0
DA:158,0
DA:159,0
DA:160,0
DA:167,0
DA:174,0
DA:181,0
DA:182,0
DA:185,0
DA:186,0
DA:193,0
DA:194,0
DA:201,0
DA:202,0
DA:209,0
DA:216,0
DA:217,0
DA:220,0
LF:66
LH:0
BRDA:37,0,0,0
BRDA:44,1,0,0
BRDA:60,2,0,0
BRDA:88,3,0,0
BRDA:92,4,0,0
BRDA:96,5,0,0
BRDA:100,6,0,0
BRDA:104,7,0,0
BRDA:133,8,0,0
BRDA:133,8,1,0
BRDA:133,8,2,0
BRDA:144,9,0,0
BRDA:144,9,1,0
BRDA:144,9,2,0
BRDA:180,10,0,0
BRDA:181,11,0,0
BRDA:215,12,0,0
BRDA:216,13,0,0
BRF:18
BRH:0
end_of_record
TN:
SF:src/utils/validation.ts
FN:4,(anonymous_0)
FN:9,(anonymous_1)
FN:14,(anonymous_2)
FN:19,(anonymous_3)
FN:24,(anonymous_4)
FN:33,(anonymous_5)
FN:38,(anonymous_6)
FN:44,(anonymous_7)
FN:49,(anonymous_8)
FN:54,(anonymous_9)
FN:60,(anonymous_10)
FN:67,(anonymous_11)
FN:68,(anonymous_12)
FN:86,(anonymous_13)
FN:88,(anonymous_14)
FN:111,(anonymous_15)
FN:121,(anonymous_16)
FN:151,(anonymous_17)
FN:159,(anonymous_18)
FN:283,(anonymous_19)
FN:286,(anonymous_20)
FN:304,(anonymous_21)
FN:315,(anonymous_22)
FN:327,(anonymous_23)
FN:334,(anonymous_24)
FN:338,(anonymous_25)
FN:342,(anonymous_26)
FN:355,(anonymous_27)
FN:360,(anonymous_28)
FN:366,(anonymous_29)
FN:374,(anonymous_30)
FN:379,(anonymous_31)
FN:388,(anonymous_32)
FN:393,(anonymous_33)
FN:394,(anonymous_34)
FN:404,(anonymous_35)
FN:405,(anonymous_36)
FN:415,(anonymous_37)
FN:421,(anonymous_38)
FNF:39
FNH:0
FNDA:0,(anonymous_0)
FNDA:0,(anonymous_1)
FNDA:0,(anonymous_2)
FNDA:0,(anonymous_3)
FNDA:0,(anonymous_4)
FNDA:0,(anonymous_5)
FNDA:0,(anonymous_6)
FNDA:0,(anonymous_7)
FNDA:0,(anonymous_8)
FNDA:0,(anonymous_9)
FNDA:0,(anonymous_10)
FNDA:0,(anonymous_11)
FNDA:0,(anonymous_12)
FNDA:0,(anonymous_13)
FNDA:0,(anonymous_14)
FNDA:0,(anonymous_15)
FNDA:0,(anonymous_16)
FNDA:0,(anonymous_17)
FNDA:0,(anonymous_18)
FNDA:0,(anonymous_19)
FNDA:0,(anonymous_20)
FNDA:0,(anonymous_21)
FNDA:0,(anonymous_22)
FNDA:0,(anonymous_23)
FNDA:0,(anonymous_24)
FNDA:0,(anonymous_25)
FNDA:0,(anonymous_26)
FNDA:0,(anonymous_27)
FNDA:0,(anonymous_28)
FNDA:0,(anonymous_29)
FNDA:0,(anonymous_30)
FNDA:0,(anonymous_31)
FNDA:0,(anonymous_32)
FNDA:0,(anonymous_33)
FNDA:0,(anonymous_34)
FNDA:0,(anonymous_35)
FNDA:0,(anonymous_36)
FNDA:0,(anonymous_37)
FNDA:0,(anonymous_38)
DA:4,0
DA:5,0
DA:6,0
DA:9,0
DA:10,0
DA:11,0
DA:14,0
DA:15,0
DA:16,0
DA:19,0
DA:20,0
DA:21,0
DA:24,0
DA:25,0
DA:26,0
DA:27,0
DA:29,0
DA:33,0
DA:34,0
DA:35,0
DA:38,0
DA:39,0
DA:40,0
DA:44,0
DA:45,0
DA:46,0
DA:49,0
DA:50,0
DA:51,0
DA:54,0
DA:55,0
DA:56,0
DA:57,0
DA:60,0
DA:61,0
DA:62,0
DA:63,0
DA:67,0
DA:68,0
DA:69,0
DA:70,0
DA:71,0
DA:73,0
DA:74,0
DA:76,0
DA:77,0
DA:79,0
DA:80,0
DA:82,0
DA:86,0
DA:87,0
DA:88,0
DA:89,0
DA:90,0
DA:91,0
DA:92,0
DA:94,0
DA:95,0
DA:97,0
DA:99,0
DA:101,0
DA:102,0
DA:103,0
DA:105,0
DA:106,0
DA:108,0
DA:109,0
DA:111,0
DA:114,0
DA:117,0
DA:121,0
DA:122,0
DA:125,0
DA:126,0
DA:129,0
DA:130,0
DA:133,0
DA:134,0
DA:137,0
DA:138,0
DA:141,0
DA:142,0
DA:145,0
DA:146,0
DA:150,0
DA:151,0
DA:152,0
DA:153,0
DA:158,0
DA:159,0
DA:160,0
DA:161,0
DA:162,0
DA:163,0
DA:164,0
DA:165,0
DA:171,0
DA:173,0
DA:174,0
DA:176,0
DA:177,0
DA:179,0
DA:180,0
DA:182,0
DA:183,0
DA:185,0
DA:188,0
DA:189,0
DA:191,0
DA:192,0
DA:194,0
DA:195,0
DA:197,0
DA:198,0
DA:200,0
DA:201,0
DA:203,0
DA:206,0
DA:207,0
DA:209,0
DA:210,0
DA:212,0
DA:213,0
DA:215,0
DA:218,0
DA:219,0
DA:221,0
DA:222,0
DA:224,0
DA:225,0
DA:227,0
DA:228,0
DA:230,0
DA:231,0
DA:233,0
DA:234,0
DA:236,0
DA:239,0
DA:240,0
DA:242,0
DA:243,0
DA:245,0
DA:246,0
DA:248,0
DA:249,0
DA:251,0
DA:252,0
DA:253,0
DA:254,0
DA:255,0
DA:258,0
DA:261,0
DA:262,0
DA:264,0
DA:265,0
DA:267,0
DA:268,0
DA:270,0
DA:271,0
DA:273,0
DA:274,0
DA:276,0
DA:279,0
DA:283,0
DA:284,0
DA:286,0
DA:287,0
DA:288,0
DA:291,0
DA:292,0
DA:295,0
DA:296,0
DA:300,0
DA:304,0
DA:305,0
DA:306,0
DA:309,0
DA:310,0
DA:313,0
DA:314,0
DA:315,0
DA:316,0
DA:318,0
DA:321,0
DA:327,0
DA:328,0
DA:334,0
DA:335,0
DA:338,0
DA:339,0
DA:342,0
DA:343,0
DA:344,0
DA:346,0
DA:347,0
DA:348,0
DA:349,0
DA:351,0
DA:355,0
DA:356,0
DA:360,0
DA:361,0
DA:362,0
DA:363,0
DA:366,0
DA:367,0
DA:368,0
DA:369,0
DA:370,0
DA:374,0
DA:375,0
DA:376,0
DA:379,0
DA:383,0
DA:384,0
DA:385,0
DA:388,0
DA:389,0
DA:393,0
DA:394,0
DA:395,0
DA:396,0
DA:397,0
DA:399,0
DA:400,0
DA:404,0
DA:405,0
DA:406,0
DA:407,0
DA:409,0
DA:410,0
DA:411,0
DA:415,0
DA:416,0
DA:417,0
DA:420,0
DA:421,0
DA:422,0
DA:423,0
DA:424,0
DA:426,0
DA:427,0
LF:242
LH:0
BRDA:46,0,0,0
BRDA:46,0,1,0
BRDA:70,1,0,0
BRDA:70,2,0,0
BRDA:70,2,1,0
BRDA:73,3,0,0
BRDA:76,4,0,0
BRDA:77,5,0,0
BRDA:77,5,1,0
BRDA:79,6,0,0
BRDA:90,7,0,0
BRDA:90,7,1,0
BRDA:90,8,0,0
BRDA:90,8,1,0
BRDA:90,8,2,0
BRDA:92,9,0,0
BRDA:92,9,1,0
BRDA:92,10,0,0
BRDA:92,10,1,0
BRDA:94,11,0,0
BRDA:94,11,1,0
BRDA:99,12,0,0
BRDA:99,12,1,0
BRDA:99,13,0,0
BRDA:99,13,1,0
BRDA:99,13,2,0
BRDA:99,13,3,0
BRDA:102,14,0,0
BRDA:102,14,1,0
BRDA:103,15,0,0
BRDA:103,15,1,0
BRDA:103,16,0,0
BRDA:103,16,1,0
BRDA:103,16,2,0
BRDA:105,17,0,0
BRDA:105,17,1,0
BRDA:106,18,0,0
BRDA:106,18,1,0
BRDA:106,19,0,0
BRDA:106,19,1,0
BRDA:109,20,0,0
BRDA:109,20,1,0
BRDA:111,21,0,0
BRDA:111,21,1,0
BRDA:125,22,0,0
BRDA:125,23,0,0
BRDA:125,23,1,0
BRDA:129,24,0,0
BRDA:129,25,0,0
BRDA:129,25,1,0
BRDA:133,26,0,0
BRDA:133,27,0,0
BRDA:133,27,1,0
BRDA:137,28,0,0
BRDA:137,29,0,0
BRDA:137,29,1,0
BRDA:141,30,0,0
BRDA:141,31,0,0
BRDA:141,31,1,0
BRDA:145,32,0,0
BRDA:145,33,0,0
BRDA:145,33,1,0
BRDA:152,34,0,0
BRDA:152,35,0,0
BRDA:152,35,1,0
BRDA:160,36,0,0
BRDA:160,37,0,0
BRDA:160,37,1,0
BRDA:162,38,0,0
BRDA:162,38,1,0
BRDA:164,39,0,0
BRDA:171,40,0,0
BRDA:171,40,1,0
BRDA:171,40,2,0
BRDA:171,40,3,0
BRDA:171,40,4,0
BRDA:171,40,5,0
BRDA:173,41,0,0
BRDA:173,42,0,0
BRDA:173,42,1,0
BRDA:176,43,0,0
BRDA:176,44,0,0
BRDA:176,44,1,0
BRDA:179,45,0,0
BRDA:179,46,0,0
BRDA:179,46,1,0
BRDA:182,47,0,0
BRDA:182,48,0,0
BRDA:182,48,1,0
BRDA:182,48,2,0
BRDA:188,49,0,0
BRDA:188,50,0,0
BRDA:188,50,1,0
BRDA:191,51,0,0
BRDA:191,52,0,0
BRDA:191,52,1,0
BRDA:194,53,0,0
BRDA:194,54,0,0
BRDA:194,54,1,0
BRDA:197,55,0,0
BRDA:197,56,0,0
BRDA:197,56,1,0
BRDA:200,57,0,0
BRDA:200,58,0,0
BRDA:200,58,1,0
BRDA:200,58,2,0
BRDA:206,59,0,0
BRDA:206,60,0,0
BRDA:206,60,1,0
BRDA:209,61,0,0
BRDA:209,62,0,0
BRDA:209,62,1,0
BRDA:212,63,0,0
BRDA:212,64,0,0
BRDA:212,64,1,0
BRDA:218,65,0,0
BRDA:218,66,0,0
BRDA:218,66,1,0
BRDA:221,67,0,0
BRDA:221,68,0,0
BRDA:221,68,1,0
BRDA:224,69,0,0
BRDA:224,70,0,0
BRDA:224,70,1,0
BRDA:227,71,0,0
BRDA:227,72,0,0
BRDA:227,72,1,0
BRDA:230,73,0,0
BRDA:230,74,0,0
BRDA:230,74,1,0
BRDA:230,74,2,0
BRDA:233,75,0,0
BRDA:233,76,0,0
BRDA:233,76,1,0
BRDA:233,76,2,0
BRDA:239,77,0,0
BRDA:239,78,0,0
BRDA:239,78,1,0
BRDA:242,79,0,0
BRDA:242,80,0,0
BRDA:242,80,1,0
BRDA:245,81,0,0
BRDA:245,82,0,0
BRDA:245,82,1,0
BRDA:248,83,0,0
BRDA:248,84,0,0
BRDA:248,84,1,0
BRDA:251,85,0,0
BRDA:251,86,0,0
BRDA:251,86,1,0
BRDA:254,87,0,0
BRDA:261,88,0,0
BRDA:261,89,0,0
BRDA:261,89,1,0
BRDA:264,90,0,0
BRDA:264,91,0,0
BRDA:264,91,1,0
BRDA:267,92,0,0
BRDA:267,93,0,0
BRDA:267,93,1,0
BRDA:270,94,0,0
BRDA:270,95,0,0
BRDA:270,95,1,0
BRDA:273,96,0,0
BRDA:273,97,0,0
BRDA:273,97,1,0
BRDA:273,97,2,0
BRDA:287,98,0,0
BRDA:287,99,0,0
BRDA:287,99,1,0
BRDA:291,100,0,0
BRDA:295,101,0,0
BRDA:295,102,0,0
BRDA:295,102,1,0
BRDA:305,103,0,0
BRDA:309,104,0,0
BRDA:313,105,0,0
BRDA:313,106,0,0
BRDA:313,106,1,0
BRDA:327,107,0,0
BRDA:334,108,0,0
BRDA:338,109,0,0
BRDA:346,110,0,0
BRDA:346,110,1,0
BRDA:348,111,0,0
BRDA:348,111,1,0
BRDA:355,112,0,0
BRDA:363,113,0,0
BRDA:363,113,1,0
BRDA:366,114,0,0
BRDA:369,115,0,0
BRDA:369,115,1,0
BRDA:375,116,0,0
BRDA:396,117,0,0
BRDA:404,118,0,0
BRDA:409,119,0,0
BRDA:409,120,0,0
BRDA:409,120,1,0
BRDA:410,121,0,0
BRDA:410,122,0,0
BRDA:410,122,1,0
BRDA:416,123,0,0
BRDA:423,124,0,0
BRF:203
BRH:0
end_of_record
TN:
SF:src/validation/schemas.ts
FN:38,(anonymous_1)
FN:149,(anonymous_2)
FN:183,(anonymous_3)
FN:225,(anonymous_4)
FN:226,(anonymous_5)
FN:234,(anonymous_6)
FNF:6
FNH:0
FNDA:0,(anonymous_1)
FNDA:0,(anonymous_2)
FNDA:0,(anonymous_3)
FNDA:0,(anonymous_4)
FNDA:0,(anonymous_5)
FNDA:0,(anonymous_6)
DA:1,0
DA:2,0
DA:5,0
DA:6,0
DA:7,0
DA:8,0
DA:9,0
DA:10,0
DA:11,0
DA:12,0
DA:15,0
DA:18,0
DA:21,0
DA:40,0
DA:41,0
DA:43,0
DA:49,0
DA:69,0
DA:98,0
DA:110,0
DA:121,0
DA:151,0
DA:152,0
DA:156,0
DA:157,0
DA:160,0
DA:167,0
DA:185,0
DA:186,0
DA:187,0
DA:188,0
DA:189,0
DA:191,0
DA:192,0
DA:196,0
DA:202,0
DA:225,0
DA:226,0
DA:227,0
DA:233,0
DA:234,0
DA:239,0
DA:242,0
DA:247,0
DA:248,0
DA:249,0
DA:250,0
DA:251,0
DA:252,0
LF:49
LH:0
BRDA:40,0,0,0
BRDA:151,1,0,0
BRDA:156,2,0,0
BRDA:185,3,0,0
BRDA:185,4,0,0
BRDA:185,4,1,0
BRDA:191,5,0,0
BRDA:233,6,0,0
BRF:8
BRH:0
end_of_record
